<?xml version="1.0" encoding="UTF-8"?>
<robot generator="Robot 3.2.1 (Python 3.8.2 on linux)" generated="20200625 16:32:25.483" rpa="false">
<suite id="s1" name="OWASP Security And Penetration Tests" source="/rfw/Tests/Workshop-Part-Two/OWASP-Zap-Security-And-Penetration-Tests.robot">
<kw name="Check OWASP Zap Proxy And XVFB Are Both Running" library="Security-And-Penetration-Test-Resources" type="setup">
<kw name="Run Process" library="Process">
<doc>Runs a process and waits for it to complete.</doc>
<arguments>
<arg>zap-cli status</arg>
<arg>alias=owasp_zap_status</arg>
<arg>shell=True</arg>
<arg>timeout=20s</arg>
<arg>on_timeout=continue</arg>
</arguments>
<msg timestamp="20200625 16:32:25.769" level="INFO">Starting process:
zap-cli status</msg>
<msg timestamp="20200625 16:32:25.776" level="INFO">Waiting for process to complete.</msg>
<msg timestamp="20200625 16:32:25.978" level="INFO">Process completed.</msg>
<status status="PASS" starttime="20200625 16:32:25.769" endtime="20200625 16:32:25.978"></status>
</kw>
<kw name="Get Process Result" library="Process">
<doc>Returns the specified `result object` or some of its attributes.</doc>
<arguments>
<arg>owasp_zap_status</arg>
<arg>stdout=true</arg>
</arguments>
<assign>
<var>${OWASP_ZAP_PROXY_STATUS}</var>
</assign>
<msg timestamp="20200625 16:32:25.979" level="INFO">${OWASP_ZAP_PROXY_STATUS} = [INFO]            ZAP is running</msg>
<status status="PASS" starttime="20200625 16:32:25.978" endtime="20200625 16:32:25.979"></status>
</kw>
<kw name="Log" library="BuiltIn">
<doc>Logs the given message with the given level.</doc>
<arguments>
<arg>${OWASP_ZAP_PROXY_STATUS}</arg>
</arguments>
<msg timestamp="20200625 16:32:25.980" level="INFO">[INFO]            ZAP is running</msg>
<status status="PASS" starttime="20200625 16:32:25.979" endtime="20200625 16:32:25.980"></status>
</kw>
<kw name="Should Contain" library="BuiltIn">
<doc>Fails if ``container`` does not contain ``item`` one or more times.</doc>
<arguments>
<arg>${OWASP_ZAP_PROXY_STATUS}</arg>
<arg>ZAP is running</arg>
</arguments>
<status status="PASS" starttime="20200625 16:32:25.980" endtime="20200625 16:32:25.980"></status>
</kw>
<kw name="Run Process" library="Process">
<doc>Runs a process and waits for it to complete.</doc>
<arguments>
<arg>ps aux | grep Xvfb</arg>
<arg>alias=xvfb_status</arg>
<arg>shell=True</arg>
<arg>timeout=20s</arg>
<arg>on_timeout=continue</arg>
</arguments>
<msg timestamp="20200625 16:32:25.980" level="INFO">Starting process:
ps aux | grep Xvfb</msg>
<msg timestamp="20200625 16:32:25.985" level="INFO">Waiting for process to complete.</msg>
<msg timestamp="20200625 16:32:26.087" level="INFO">Process completed.</msg>
<status status="PASS" starttime="20200625 16:32:25.980" endtime="20200625 16:32:26.088"></status>
</kw>
<kw name="Get Process Result" library="Process">
<doc>Returns the specified `result object` or some of its attributes.</doc>
<arguments>
<arg>xvfb_status</arg>
<arg>stdout=true</arg>
</arguments>
<assign>
<var>${XVFB_STATUS}</var>
</assign>
<msg timestamp="20200625 16:32:26.090" level="INFO">${XVFB_STATUS} = zap         25  0.3  1.9 707164 39260 pts/0    Sl+  16:32   0:00 Xvfb :1 -screen 0 1024x768x16 -ac -nolisten tcp -nolisten unix
zap        130  4.0  2.0 709660 41560 pts/0    Sl+  16:32   0:00 Xvfb :9...</msg>
<status status="PASS" starttime="20200625 16:32:26.089" endtime="20200625 16:32:26.090"></status>
</kw>
<kw name="Log" library="BuiltIn">
<doc>Logs the given message with the given level.</doc>
<arguments>
<arg>${XVFB_STATUS}</arg>
</arguments>
<msg timestamp="20200625 16:32:26.091" level="INFO">zap         25  0.3  1.9 707164 39260 pts/0    Sl+  16:32   0:00 Xvfb :1 -screen 0 1024x768x16 -ac -nolisten tcp -nolisten unix
zap        130  4.0  2.0 709660 41560 pts/0    Sl+  16:32   0:00 Xvfb :99 -ac -screen 0 1280x800x24
zap        153  0.0  0.0   2612   536 ?        Ss   16:32   0:00 /bin/sh -c ps aux | grep Xvfb
zap        155  0.0  0.0   5192   664 ?        S    16:32   0:00 grep Xvfb</msg>
<status status="PASS" starttime="20200625 16:32:26.090" endtime="20200625 16:32:26.091"></status>
</kw>
<kw name="Should Contain" library="BuiltIn">
<doc>Fails if ``container`` does not contain ``item`` one or more times.</doc>
<arguments>
<arg>${XVFB_STATUS}</arg>
<arg>Xvfb</arg>
</arguments>
<status status="PASS" starttime="20200625 16:32:26.091" endtime="20200625 16:32:26.092"></status>
</kw>
<status status="PASS" starttime="20200625 16:32:25.768" endtime="20200625 16:32:26.092"></status>
</kw>
<test id="s1-t1" name="OWASP ZAP TEST 1 - Checks for different types of Injection vulverabilities using the OWASP Zap Active Scanners.">
<kw name="Run Active Scans For Number 1 Risk In 2020 OWASP Top 10">
<kw name="Run OWASP Zap Recursive Active Scan With Specific Settings Then Check Result" library="Security-And-Penetration-Test-Resources">
<arguments>
<arg>sqli</arg>
<arg>High</arg>
<arg>Low</arg>
<arg>https://nodegoat.herokuapp.com</arg>
</arguments>
<kw name="Run Process" library="Process">
<doc>Runs a process and waits for it to complete.</doc>
<arguments>
<arg>zap-cli open-url "${TARGET_URL}"</arg>
<arg>shell=True</arg>
<arg>timeout=10s</arg>
<arg>on_timeout=continue</arg>
</arguments>
<msg timestamp="20200625 16:32:26.098" level="INFO">Starting process:
zap-cli open-url "https://nodegoat.herokuapp.com"</msg>
<msg timestamp="20200625 16:32:26.103" level="INFO">Waiting for process to complete.</msg>
<msg timestamp="20200625 16:32:28.753" level="INFO">Process completed.</msg>
<status status="PASS" starttime="20200625 16:32:26.097" endtime="20200625 16:32:28.754"></status>
</kw>
<kw name="Run Process" library="Process">
<doc>Runs a process and waits for it to complete.</doc>
<arguments>
<arg>zap-cli scanners set-strength --strength "${SCANNER_STRENGTH}"</arg>
<arg>shell=True</arg>
<arg>timeout=10s</arg>
<arg>on_timeout=continue</arg>
</arguments>
<msg timestamp="20200625 16:32:28.756" level="INFO">Starting process:
zap-cli scanners set-strength --strength "High"</msg>
<msg timestamp="20200625 16:32:28.764" level="INFO">Waiting for process to complete.</msg>
<msg timestamp="20200625 16:32:30.171" level="INFO">Process completed.</msg>
<status status="PASS" starttime="20200625 16:32:28.755" endtime="20200625 16:32:30.171"></status>
</kw>
<kw name="Run Process" library="Process">
<doc>Runs a process and waits for it to complete.</doc>
<arguments>
<arg>zap-cli scanners set-threshold --threshold "${SCANNER_ALERT_LEVEL}"</arg>
<arg>shell=True</arg>
<arg>timeout=10s</arg>
<arg>on_timeout=continue</arg>
</arguments>
<msg timestamp="20200625 16:32:30.173" level="INFO">Starting process:
zap-cli scanners set-threshold --threshold "Low"</msg>
<msg timestamp="20200625 16:32:30.177" level="INFO">Waiting for process to complete.</msg>
<msg timestamp="20200625 16:32:31.182" level="INFO">Process completed.</msg>
<status status="PASS" starttime="20200625 16:32:30.172" endtime="20200625 16:32:31.182"></status>
</kw>
<kw name="Run Process" library="Process">
<doc>Runs a process and waits for it to complete.</doc>
<arguments>
<arg>zap-cli --verbose active-scan --scanners "${SCANNER_TYPE}" --recursive "${TARGET_URL}" &amp;&amp; zap-cli alerts</arg>
<arg>alias=owasp_zap_recursive_active_scanner</arg>
<arg>shell=True</arg>
<arg>timeout=2min</arg>
<arg>on_timeout=continue</arg>
</arguments>
<msg timestamp="20200625 16:32:31.184" level="INFO">Starting process:
zap-cli --verbose active-scan --scanners "sqli" --recursive "https://nodegoat.herokuapp.com" &amp;&amp; zap-cli alerts</msg>
<msg timestamp="20200625 16:32:31.190" level="INFO">Waiting for process to complete.</msg>
<msg timestamp="20200625 16:32:41.710" level="INFO">Process completed.</msg>
<status status="PASS" starttime="20200625 16:32:31.183" endtime="20200625 16:32:41.710"></status>
</kw>
<kw name="Get Process Result" library="Process">
<doc>Returns the specified `result object` or some of its attributes.</doc>
<arguments>
<arg>owasp_zap_recursive_active_scanner</arg>
<arg>stdout=true</arg>
</arguments>
<assign>
<var>${RECURSIVE_ACTIVE_SCANNER_RESULTS}</var>
</assign>
<msg timestamp="20200625 16:32:41.711" level="INFO">${RECURSIVE_ACTIVE_SCANNER_RESULTS} = [INFO]            Running an active scan...
[DEBUG]           Disabling all current scanners
[DEBUG]           Enabling scanners with IDs 40018
[DEBUG]           Scanning target https://nodegoat.herok...</msg>
<status status="PASS" starttime="20200625 16:32:41.711" endtime="20200625 16:32:41.712"></status>
</kw>
<kw name="Log" library="BuiltIn">
<doc>Logs the given message with the given level.</doc>
<arguments>
<arg>${RECURSIVE_ACTIVE_SCANNER_RESULTS}</arg>
</arguments>
<msg timestamp="20200625 16:32:41.713" level="INFO">[INFO]            Running an active scan...
[DEBUG]           Disabling all current scanners
[DEBUG]           Enabling scanners with IDs 40018
[DEBUG]           Scanning target https://nodegoat.herokuapp.com...
[DEBUG]           Started scan with ID 0...
[DEBUG]           Scan progress %: 0
[DEBUG]           Scan #0 completed
[INFO]            Issues found: 0</msg>
<status status="PASS" starttime="20200625 16:32:41.712" endtime="20200625 16:32:41.713"></status>
</kw>
<kw name="Should Contain" library="BuiltIn">
<doc>Fails if ``container`` does not contain ``item`` one or more times.</doc>
<arguments>
<arg>${RECURSIVE_ACTIVE_SCANNER_RESULTS}</arg>
<arg>Issues found: 0</arg>
</arguments>
<status status="PASS" starttime="20200625 16:32:41.713" endtime="20200625 16:32:41.713"></status>
</kw>
<status status="PASS" starttime="20200625 16:32:26.095" endtime="20200625 16:32:41.714"></status>
</kw>
<status status="PASS" starttime="20200625 16:32:26.095" endtime="20200625 16:32:41.714"></status>
</kw>
<tags>
<tag>Injection_Vulverability_Test</tag>
<tag>Number_1_Risk_On_OWASP_Top_10</tag>
<tag>OWASP_Zap_Security_And_Penetration_Tests</tag>
</tags>
<status status="PASS" starttime="20200625 16:32:26.092" endtime="20200625 16:32:41.714" critical="yes"></status>
</test>
<test id="s1-t2" name="OWASP ZAP TEST 2 - Checks for different types of Cross-Site Scripting vulverabilities using the OWASP Zap Active Scanners.">
<kw name="Run Active Scans For Number 7 Risk In 2020 OWASP Top 10">
<kw name="Run OWASP Zap Recursive Active Scan With Specific Settings Then Check Result" library="Security-And-Penetration-Test-Resources">
<arguments>
<arg>xss</arg>
<arg>High</arg>
<arg>Low</arg>
<arg>https://nodegoat.herokuapp.com</arg>
</arguments>
<kw name="Run Process" library="Process">
<doc>Runs a process and waits for it to complete.</doc>
<arguments>
<arg>zap-cli open-url "${TARGET_URL}"</arg>
<arg>shell=True</arg>
<arg>timeout=10s</arg>
<arg>on_timeout=continue</arg>
</arguments>
<msg timestamp="20200625 16:32:41.723" level="INFO">Starting process:
zap-cli open-url "https://nodegoat.herokuapp.com"</msg>
<msg timestamp="20200625 16:32:41.729" level="INFO">Waiting for process to complete.</msg>
<msg timestamp="20200625 16:32:44.162" level="INFO">Process completed.</msg>
<status status="PASS" starttime="20200625 16:32:41.722" endtime="20200625 16:32:44.162"></status>
</kw>
<kw name="Run Process" library="Process">
<doc>Runs a process and waits for it to complete.</doc>
<arguments>
<arg>zap-cli scanners set-strength --strength "${SCANNER_STRENGTH}"</arg>
<arg>shell=True</arg>
<arg>timeout=10s</arg>
<arg>on_timeout=continue</arg>
</arguments>
<msg timestamp="20200625 16:32:44.164" level="INFO">Starting process:
zap-cli scanners set-strength --strength "High"</msg>
<msg timestamp="20200625 16:32:44.171" level="INFO">Waiting for process to complete.</msg>
<msg timestamp="20200625 16:32:44.875" level="INFO">Process completed.</msg>
<status status="PASS" starttime="20200625 16:32:44.163" endtime="20200625 16:32:44.875"></status>
</kw>
<kw name="Run Process" library="Process">
<doc>Runs a process and waits for it to complete.</doc>
<arguments>
<arg>zap-cli scanners set-threshold --threshold "${SCANNER_ALERT_LEVEL}"</arg>
<arg>shell=True</arg>
<arg>timeout=10s</arg>
<arg>on_timeout=continue</arg>
</arguments>
<msg timestamp="20200625 16:32:44.876" level="INFO">Starting process:
zap-cli scanners set-threshold --threshold "Low"</msg>
<msg timestamp="20200625 16:32:44.882" level="INFO">Waiting for process to complete.</msg>
<msg timestamp="20200625 16:32:45.550" level="INFO">Process completed.</msg>
<status status="PASS" starttime="20200625 16:32:44.876" endtime="20200625 16:32:45.551"></status>
</kw>
<kw name="Run Process" library="Process">
<doc>Runs a process and waits for it to complete.</doc>
<arguments>
<arg>zap-cli --verbose active-scan --scanners "${SCANNER_TYPE}" --recursive "${TARGET_URL}" &amp;&amp; zap-cli alerts</arg>
<arg>alias=owasp_zap_recursive_active_scanner</arg>
<arg>shell=True</arg>
<arg>timeout=2min</arg>
<arg>on_timeout=continue</arg>
</arguments>
<msg timestamp="20200625 16:32:45.553" level="INFO">Starting process:
zap-cli --verbose active-scan --scanners "xss" --recursive "https://nodegoat.herokuapp.com" &amp;&amp; zap-cli alerts</msg>
<msg timestamp="20200625 16:32:45.559" level="INFO">Waiting for process to complete.</msg>
<msg timestamp="20200625 16:32:55.993" level="INFO">Process completed.</msg>
<status status="PASS" starttime="20200625 16:32:45.551" endtime="20200625 16:32:55.994"></status>
</kw>
<kw name="Get Process Result" library="Process">
<doc>Returns the specified `result object` or some of its attributes.</doc>
<arguments>
<arg>owasp_zap_recursive_active_scanner</arg>
<arg>stdout=true</arg>
</arguments>
<assign>
<var>${RECURSIVE_ACTIVE_SCANNER_RESULTS}</var>
</assign>
<msg timestamp="20200625 16:32:55.995" level="INFO">${RECURSIVE_ACTIVE_SCANNER_RESULTS} = [INFO]            Running an active scan...
[DEBUG]           Disabling all current scanners
[DEBUG]           Enabling scanners with IDs 40012,40014,40016,40017
[DEBUG]           Scanning target http...</msg>
<status status="PASS" starttime="20200625 16:32:55.994" endtime="20200625 16:32:55.995"></status>
</kw>
<kw name="Log" library="BuiltIn">
<doc>Logs the given message with the given level.</doc>
<arguments>
<arg>${RECURSIVE_ACTIVE_SCANNER_RESULTS}</arg>
</arguments>
<msg timestamp="20200625 16:32:55.995" level="INFO">[INFO]            Running an active scan...
[DEBUG]           Disabling all current scanners
[DEBUG]           Enabling scanners with IDs 40012,40014,40016,40017
[DEBUG]           Scanning target https://nodegoat.herokuapp.com...
[DEBUG]           Started scan with ID 1...
[DEBUG]           Scan progress %: 0
[DEBUG]           Scan #1 completed
[INFO]            Issues found: 0</msg>
<status status="PASS" starttime="20200625 16:32:55.995" endtime="20200625 16:32:55.995"></status>
</kw>
<kw name="Should Contain" library="BuiltIn">
<doc>Fails if ``container`` does not contain ``item`` one or more times.</doc>
<arguments>
<arg>${RECURSIVE_ACTIVE_SCANNER_RESULTS}</arg>
<arg>Issues found: 0</arg>
</arguments>
<status status="PASS" starttime="20200625 16:32:55.996" endtime="20200625 16:32:55.996"></status>
</kw>
<status status="PASS" starttime="20200625 16:32:41.721" endtime="20200625 16:32:55.996"></status>
</kw>
<status status="PASS" starttime="20200625 16:32:41.720" endtime="20200625 16:32:55.996"></status>
</kw>
<tags>
<tag>Cross-Site_Scripting_Vulverability_Test</tag>
<tag>Number_7_Risk_On_OWASP_Top_10</tag>
<tag>OWASP_Zap_Security_And_Penetration_Tests</tag>
</tags>
<status status="PASS" starttime="20200625 16:32:41.717" endtime="20200625 16:32:55.996" critical="yes"></status>
</test>
<test id="s1-t3" name="OWASP ZAP TEST 3 - Checks for Injection and Cross-Site Scripting using Selenium and OWASP Zap Passive and Active Scanners">
<kw name="Run Combined Selenium Zap Scans For Number 1 and 7 Risks In 2020 OWASP Top 10">
<kw name="Connect OWASP Zap Proxy With Firefox Browser" library="Security-And-Penetration-Test-Resources">
<arguments>
<arg>https://nodegoat.herokuapp.com</arg>
</arguments>
<kw name="Check OWASP Zap Proxy And XVFB Are Both Running" library="Security-And-Penetration-Test-Resources">
<kw name="Run Process" library="Process">
<doc>Runs a process and waits for it to complete.</doc>
<arguments>
<arg>zap-cli status</arg>
<arg>alias=owasp_zap_status</arg>
<arg>shell=True</arg>
<arg>timeout=20s</arg>
<arg>on_timeout=continue</arg>
</arguments>
<msg timestamp="20200625 16:32:56.002" level="INFO">Starting process:
zap-cli status</msg>
<msg timestamp="20200625 16:32:56.006" level="INFO">Waiting for process to complete.</msg>
<msg timestamp="20200625 16:32:56.208" level="INFO">Process completed.</msg>
<status status="PASS" starttime="20200625 16:32:56.002" endtime="20200625 16:32:56.209"></status>
</kw>
<kw name="Get Process Result" library="Process">
<doc>Returns the specified `result object` or some of its attributes.</doc>
<arguments>
<arg>owasp_zap_status</arg>
<arg>stdout=true</arg>
</arguments>
<assign>
<var>${OWASP_ZAP_PROXY_STATUS}</var>
</assign>
<msg timestamp="20200625 16:32:56.212" level="INFO">${OWASP_ZAP_PROXY_STATUS} = [INFO]            ZAP is running</msg>
<status status="PASS" starttime="20200625 16:32:56.211" endtime="20200625 16:32:56.212"></status>
</kw>
<kw name="Log" library="BuiltIn">
<doc>Logs the given message with the given level.</doc>
<arguments>
<arg>${OWASP_ZAP_PROXY_STATUS}</arg>
</arguments>
<msg timestamp="20200625 16:32:56.213" level="INFO">[INFO]            ZAP is running</msg>
<status status="PASS" starttime="20200625 16:32:56.213" endtime="20200625 16:32:56.213"></status>
</kw>
<kw name="Should Contain" library="BuiltIn">
<doc>Fails if ``container`` does not contain ``item`` one or more times.</doc>
<arguments>
<arg>${OWASP_ZAP_PROXY_STATUS}</arg>
<arg>ZAP is running</arg>
</arguments>
<status status="PASS" starttime="20200625 16:32:56.213" endtime="20200625 16:32:56.214"></status>
</kw>
<kw name="Run Process" library="Process">
<doc>Runs a process and waits for it to complete.</doc>
<arguments>
<arg>ps aux | grep Xvfb</arg>
<arg>alias=xvfb_status</arg>
<arg>shell=True</arg>
<arg>timeout=20s</arg>
<arg>on_timeout=continue</arg>
</arguments>
<msg timestamp="20200625 16:32:56.214" level="INFO">Starting process:
ps aux | grep Xvfb</msg>
<msg timestamp="20200625 16:32:56.221" level="INFO">Waiting for process to complete.</msg>
<msg timestamp="20200625 16:32:56.323" level="INFO">Process completed.</msg>
<status status="PASS" starttime="20200625 16:32:56.214" endtime="20200625 16:32:56.324"></status>
</kw>
<kw name="Get Process Result" library="Process">
<doc>Returns the specified `result object` or some of its attributes.</doc>
<arguments>
<arg>xvfb_status</arg>
<arg>stdout=true</arg>
</arguments>
<assign>
<var>${XVFB_STATUS}</var>
</assign>
<msg timestamp="20200625 16:32:56.326" level="INFO">${XVFB_STATUS} = zap         25  0.0  1.9 707164 39260 pts/0    Sl+  16:32   0:00 Xvfb :1 -screen 0 1024x768x16 -ac -nolisten tcp -nolisten unix
zap        130  0.1  2.0 709660 41560 pts/0    Sl+  16:32   0:00 Xvfb :9...</msg>
<status status="PASS" starttime="20200625 16:32:56.325" endtime="20200625 16:32:56.326"></status>
</kw>
<kw name="Log" library="BuiltIn">
<doc>Logs the given message with the given level.</doc>
<arguments>
<arg>${XVFB_STATUS}</arg>
</arguments>
<msg timestamp="20200625 16:32:56.326" level="INFO">zap         25  0.0  1.9 707164 39260 pts/0    Sl+  16:32   0:00 Xvfb :1 -screen 0 1024x768x16 -ac -nolisten tcp -nolisten unix
zap        130  0.1  2.0 709660 41560 pts/0    Sl+  16:32   0:00 Xvfb :99 -ac -screen 0 1280x800x24
zap        474  0.0  0.0   2612   600 ?        Ss   16:32   0:00 /bin/sh -c ps aux | grep Xvfb
zap        476  0.0  0.0   5192   728 ?        S    16:32   0:00 grep Xvfb</msg>
<status status="PASS" starttime="20200625 16:32:56.326" endtime="20200625 16:32:56.327"></status>
</kw>
<kw name="Should Contain" library="BuiltIn">
<doc>Fails if ``container`` does not contain ``item`` one or more times.</doc>
<arguments>
<arg>${XVFB_STATUS}</arg>
<arg>Xvfb</arg>
</arguments>
<status status="PASS" starttime="20200625 16:32:56.327" endtime="20200625 16:32:56.327"></status>
</kw>
<status status="PASS" starttime="20200625 16:32:56.001" endtime="20200625 16:32:56.328"></status>
</kw>
<kw name="Run Process" library="Process">
<doc>Runs a process and waits for it to complete.</doc>
<arguments>
<arg>zap-cli session new</arg>
<arg>shell=True</arg>
<arg>timeout=10s</arg>
<arg>on_timeout=continue</arg>
</arguments>
<msg timestamp="20200625 16:32:56.328" level="INFO">Starting process:
zap-cli session new</msg>
<msg timestamp="20200625 16:32:56.347" level="INFO">Waiting for process to complete.</msg>
<msg timestamp="20200625 16:32:56.953" level="INFO">Process completed.</msg>
<status status="PASS" starttime="20200625 16:32:56.328" endtime="20200625 16:32:56.953"></status>
</kw>
<kw name="Evaluate" library="BuiltIn">
<doc>Evaluates the given expression in Python and returns the result.</doc>
<arguments>
<arg>sys.modules['selenium.webdriver'].FirefoxProfile()</arg>
<arg>sys</arg>
</arguments>
<assign>
<var>${profile}</var>
</assign>
<msg timestamp="20200625 16:32:56.957" level="INFO">${profile} = &lt;selenium.webdriver.firefox.firefox_profile.FirefoxProfile object at 0x7fee409c5970&gt;</msg>
<status status="PASS" starttime="20200625 16:32:56.954" endtime="20200625 16:32:56.957"></status>
</kw>
<kw name="Call Method" library="BuiltIn">
<doc>Calls the named method of the given object with the provided arguments.</doc>
<arguments>
<arg>${profile}</arg>
<arg>set_preference</arg>
<arg>network.proxy.http</arg>
<arg>localhost</arg>
</arguments>
<status status="PASS" starttime="20200625 16:32:56.957" endtime="20200625 16:32:56.958"></status>
</kw>
<kw name="Call Method" library="BuiltIn">
<doc>Calls the named method of the given object with the provided arguments.</doc>
<arguments>
<arg>${profile}</arg>
<arg>set_preference</arg>
<arg>network.proxy.http_port</arg>
<arg>8080</arg>
</arguments>
<status status="PASS" starttime="20200625 16:32:56.958" endtime="20200625 16:32:56.959"></status>
</kw>
<kw name="Call Method" library="BuiltIn">
<doc>Calls the named method of the given object with the provided arguments.</doc>
<arguments>
<arg>${profile}</arg>
<arg>set_preference</arg>
<arg>network.proxy.ssl</arg>
<arg>localhost</arg>
</arguments>
<status status="PASS" starttime="20200625 16:32:56.959" endtime="20200625 16:32:56.959"></status>
</kw>
<kw name="Call Method" library="BuiltIn">
<doc>Calls the named method of the given object with the provided arguments.</doc>
<arguments>
<arg>${profile}</arg>
<arg>set_preference</arg>
<arg>network.proxy.ssl_port</arg>
<arg>8080</arg>
</arguments>
<status status="PASS" starttime="20200625 16:32:56.960" endtime="20200625 16:32:56.960"></status>
</kw>
<kw name="Call Method" library="BuiltIn">
<doc>Calls the named method of the given object with the provided arguments.</doc>
<arguments>
<arg>${profile}</arg>
<arg>set_preference</arg>
<arg>network.proxy.autodetect</arg>
<arg>False</arg>
</arguments>
<status status="PASS" starttime="20200625 16:32:56.960" endtime="20200625 16:32:56.961"></status>
</kw>
<kw name="Call Method" library="BuiltIn">
<doc>Calls the named method of the given object with the provided arguments.</doc>
<arguments>
<arg>${profile}</arg>
<arg>set_preference</arg>
<arg>network.proxy.type</arg>
<arg>1</arg>
</arguments>
<status status="PASS" starttime="20200625 16:32:56.961" endtime="20200625 16:32:56.962"></status>
</kw>
<kw name="Call Method" library="BuiltIn">
<doc>Calls the named method of the given object with the provided arguments.</doc>
<arguments>
<arg>${profile}</arg>
<arg>set_preference</arg>
<arg>profile.accept_untrusted_certs</arg>
<arg>True</arg>
</arguments>
<status status="PASS" starttime="20200625 16:32:56.962" endtime="20200625 16:32:56.962"></status>
</kw>
<kw name="Create Webdriver" library="SeleniumLibrary">
<doc>Creates an instance of Selenium WebDriver.</doc>
<arguments>
<arg>Firefox</arg>
<arg>firefox_profile=${profile}</arg>
</arguments>
<msg timestamp="20200625 16:32:56.963" level="INFO">Creating an instance of the Firefox WebDriver.</msg>
<status status="PASS" starttime="20200625 16:32:56.962" endtime="20200625 16:33:00.642"></status>
</kw>
<kw name="Go To" library="SeleniumLibrary">
<doc>Navigates the current browser window to the provided ``url``.</doc>
<arguments>
<arg>${TARGET_URL}</arg>
</arguments>
<msg timestamp="20200625 16:33:00.643" level="INFO">Opening url 'https://nodegoat.herokuapp.com'</msg>
<status status="PASS" starttime="20200625 16:33:00.643" endtime="20200625 16:33:01.137"></status>
</kw>
<status status="PASS" starttime="20200625 16:32:56.001" endtime="20200625 16:33:01.137"></status>
</kw>
<kw name="Login In To Node Goat Vulnerable Website Wait For Passive Scan" library="Security-And-Penetration-Test-Resources">
<kw name="Capture Page Screenshot" library="SeleniumLibrary">
<doc>Takes a screenshot of the current page and embeds it into a log file.</doc>
<msg timestamp="20200625 16:33:01.287" level="INFO" html="yes">&lt;/td&gt;&lt;/tr&gt;&lt;tr&gt;&lt;td colspan="3"&gt;&lt;a href="selenium-screenshot-1.png"&gt;&lt;img src="selenium-screenshot-1.png" width="800px"&gt;&lt;/a&gt;</msg>
<status status="PASS" starttime="20200625 16:33:01.138" endtime="20200625 16:33:01.287"></status>
</kw>
<kw name="Wait Until Keyword Succeeds" library="BuiltIn">
<doc>Runs the specified keyword and retries if it fails.</doc>
<arguments>
<arg>${GLOBAL_RETRY_AMOUNT}x</arg>
<arg>2s</arg>
<arg>Wait Until Page Contains</arg>
<arg>Employee</arg>
<arg>2s</arg>
</arguments>
<kw name="Wait Until Page Contains" library="SeleniumLibrary">
<doc>Waits until ``text`` appears on the current page.</doc>
<arguments>
<arg>Employee</arg>
<arg>2s</arg>
</arguments>
<status status="PASS" starttime="20200625 16:33:01.287" endtime="20200625 16:33:01.306"></status>
</kw>
<status status="PASS" starttime="20200625 16:33:01.287" endtime="20200625 16:33:01.306"></status>
</kw>
<kw name="Capture Page Screenshot" library="SeleniumLibrary">
<doc>Takes a screenshot of the current page and embeds it into a log file.</doc>
<msg timestamp="20200625 16:33:01.499" level="INFO" html="yes">&lt;/td&gt;&lt;/tr&gt;&lt;tr&gt;&lt;td colspan="3"&gt;&lt;a href="selenium-screenshot-2.png"&gt;&lt;img src="selenium-screenshot-2.png" width="800px"&gt;&lt;/a&gt;</msg>
<status status="PASS" starttime="20200625 16:33:01.306" endtime="20200625 16:33:01.500"></status>
</kw>
<kw name="Input Text" library="SeleniumLibrary">
<doc>Types the given ``text`` into the text field identified by ``locator``.</doc>
<arguments>
<arg>//input[@name="userName"]</arg>
<arg>test</arg>
</arguments>
<msg timestamp="20200625 16:33:01.500" level="INFO">Typing text 'test' into text field '//input[@name="userName"]'.</msg>
<status status="PASS" starttime="20200625 16:33:01.500" endtime="20200625 16:33:01.545"></status>
</kw>
<kw name="Input Text" library="SeleniumLibrary">
<doc>Types the given ``text`` into the text field identified by ``locator``.</doc>
<arguments>
<arg>//input[@name="password"]</arg>
<arg>test</arg>
</arguments>
<msg timestamp="20200625 16:33:01.546" level="INFO">Typing text 'test' into text field '//input[@name="password"]'.</msg>
<status status="PASS" starttime="20200625 16:33:01.545" endtime="20200625 16:33:01.587"></status>
</kw>
<kw name="Capture Page Screenshot" library="SeleniumLibrary">
<doc>Takes a screenshot of the current page and embeds it into a log file.</doc>
<msg timestamp="20200625 16:33:01.687" level="INFO" html="yes">&lt;/td&gt;&lt;/tr&gt;&lt;tr&gt;&lt;td colspan="3"&gt;&lt;a href="selenium-screenshot-3.png"&gt;&lt;img src="selenium-screenshot-3.png" width="800px"&gt;&lt;/a&gt;</msg>
<status status="PASS" starttime="20200625 16:33:01.587" endtime="20200625 16:33:01.687"></status>
</kw>
<kw name="Click Element" library="SeleniumLibrary">
<doc>Click the element identified by ``locator``.</doc>
<arguments>
<arg>xpath=(//div[@class="row"])[2]</arg>
</arguments>
<msg timestamp="20200625 16:33:01.687" level="INFO">Clicking element 'xpath=(//div[@class="row"])[2]'.</msg>
<status status="PASS" starttime="20200625 16:33:01.687" endtime="20200625 16:33:01.919"></status>
</kw>
<kw name="Click Element" library="SeleniumLibrary">
<doc>Click the element identified by ``locator``.</doc>
<arguments>
<arg>//button[@class="btn btn-danger"]</arg>
</arguments>
<msg timestamp="20200625 16:33:01.920" level="INFO">Clicking element '//button[@class="btn btn-danger"]'.</msg>
<status status="PASS" starttime="20200625 16:33:01.919" endtime="20200625 16:33:02.158"></status>
</kw>
<kw name="Capture Page Screenshot" library="SeleniumLibrary">
<doc>Takes a screenshot of the current page and embeds it into a log file.</doc>
<msg timestamp="20200625 16:33:02.371" level="INFO" html="yes">&lt;/td&gt;&lt;/tr&gt;&lt;tr&gt;&lt;td colspan="3"&gt;&lt;a href="selenium-screenshot-4.png"&gt;&lt;img src="selenium-screenshot-4.png" width="800px"&gt;&lt;/a&gt;</msg>
<status status="PASS" starttime="20200625 16:33:02.158" endtime="20200625 16:33:02.371"></status>
</kw>
<kw name="Wait Until OWASP Zap Passive Scanner Completes" library="Security-And-Penetration-Test-Resources">
<kw name="Wait Until Keyword Succeeds" library="BuiltIn">
<doc>Runs the specified keyword and retries if it fails.</doc>
<arguments>
<arg>${GLOBAL_RETRY_AMOUNT}x</arg>
<arg>2s</arg>
<arg>Check OWASP Zap Passive Scanner Status</arg>
</arguments>
<kw name="Check OWASP Zap Passive Scanner Status" library="Security-And-Penetration-Test-Resources">
<kw name="Run Process" library="Process">
<doc>Runs a process and waits for it to complete.</doc>
<arguments>
<arg>${PATH}//Tests//Workshop-Part-Two//Resources//owasp-zap-status-checker.sh "0.0.0.0" "8080"</arg>
<arg>alias=passive_scanner_status</arg>
<arg>shell=True</arg>
<arg>timeout=20s</arg>
<arg>on_timeout=continue</arg>
</arguments>
<msg timestamp="20200625 16:33:02.374" level="INFO">Starting process:
/rfw//Tests//Workshop-Part-Two//Resources//owasp-zap-status-checker.sh "0.0.0.0" "8080"</msg>
<msg timestamp="20200625 16:33:02.382" level="INFO">Waiting for process to complete.</msg>
<msg timestamp="20200625 16:33:02.483" level="INFO">Process completed.</msg>
<status status="PASS" starttime="20200625 16:33:02.373" endtime="20200625 16:33:02.484"></status>
</kw>
<kw name="Get Process Result" library="Process">
<doc>Returns the specified `result object` or some of its attributes.</doc>
<arguments>
<arg>passive_scanner_status</arg>
<arg>stdout=true</arg>
</arguments>
<assign>
<var>${PASSIVE_SCANNER_STATUS}</var>
</assign>
<msg timestamp="20200625 16:33:02.486" level="INFO">${PASSIVE_SCANNER_STATUS} = OWASP URL check -&gt; http://0.0.0.0:8080/JSON/pscan/view/recordsToScan/?zapapiformat=JSON&amp;formMethod=GET&amp;
Passive scanner is finished running</msg>
<status status="PASS" starttime="20200625 16:33:02.485" endtime="20200625 16:33:02.486"></status>
</kw>
<kw name="Log" library="BuiltIn">
<doc>Logs the given message with the given level.</doc>
<arguments>
<arg>${PASSIVE_SCANNER_STATUS}</arg>
</arguments>
<msg timestamp="20200625 16:33:02.487" level="INFO">OWASP URL check -&gt; http://0.0.0.0:8080/JSON/pscan/view/recordsToScan/?zapapiformat=JSON&amp;formMethod=GET&amp;
Passive scanner is finished running</msg>
<status status="PASS" starttime="20200625 16:33:02.487" endtime="20200625 16:33:02.488"></status>
</kw>
<kw name="Should Contain" library="BuiltIn">
<doc>Fails if ``container`` does not contain ``item`` one or more times.</doc>
<arguments>
<arg>${PASSIVE_SCANNER_STATUS}</arg>
<arg>Passive scanner is finished running</arg>
</arguments>
<status status="PASS" starttime="20200625 16:33:02.488" endtime="20200625 16:33:02.489"></status>
</kw>
<status status="PASS" starttime="20200625 16:33:02.373" endtime="20200625 16:33:02.489"></status>
</kw>
<status status="PASS" starttime="20200625 16:33:02.372" endtime="20200625 16:33:02.490"></status>
</kw>
<status status="PASS" starttime="20200625 16:33:02.372" endtime="20200625 16:33:02.490"></status>
</kw>
<status status="PASS" starttime="20200625 16:33:01.137" endtime="20200625 16:33:02.490"></status>
</kw>
<kw name="Run OWASP Zap Recursive Active Scan With Specific Settings Then Check Result" library="Security-And-Penetration-Test-Resources">
<arguments>
<arg>sqli</arg>
<arg>High</arg>
<arg>Low</arg>
<arg>https://nodegoat.herokuapp.com</arg>
</arguments>
<kw name="Run Process" library="Process">
<doc>Runs a process and waits for it to complete.</doc>
<arguments>
<arg>zap-cli open-url "${TARGET_URL}"</arg>
<arg>shell=True</arg>
<arg>timeout=10s</arg>
<arg>on_timeout=continue</arg>
</arguments>
<msg timestamp="20200625 16:33:02.492" level="INFO">Starting process:
zap-cli open-url "https://nodegoat.herokuapp.com"</msg>
<msg timestamp="20200625 16:33:02.499" level="INFO">Waiting for process to complete.</msg>
<msg timestamp="20200625 16:33:04.926" level="INFO">Process completed.</msg>
<status status="PASS" starttime="20200625 16:33:02.491" endtime="20200625 16:33:04.927"></status>
</kw>
<kw name="Run Process" library="Process">
<doc>Runs a process and waits for it to complete.</doc>
<arguments>
<arg>zap-cli scanners set-strength --strength "${SCANNER_STRENGTH}"</arg>
<arg>shell=True</arg>
<arg>timeout=10s</arg>
<arg>on_timeout=continue</arg>
</arguments>
<msg timestamp="20200625 16:33:04.929" level="INFO">Starting process:
zap-cli scanners set-strength --strength "High"</msg>
<msg timestamp="20200625 16:33:04.934" level="INFO">Waiting for process to complete.</msg>
<msg timestamp="20200625 16:33:05.638" level="INFO">Process completed.</msg>
<status status="PASS" starttime="20200625 16:33:04.927" endtime="20200625 16:33:05.638"></status>
</kw>
<kw name="Run Process" library="Process">
<doc>Runs a process and waits for it to complete.</doc>
<arguments>
<arg>zap-cli scanners set-threshold --threshold "${SCANNER_ALERT_LEVEL}"</arg>
<arg>shell=True</arg>
<arg>timeout=10s</arg>
<arg>on_timeout=continue</arg>
</arguments>
<msg timestamp="20200625 16:33:05.639" level="INFO">Starting process:
zap-cli scanners set-threshold --threshold "Low"</msg>
<msg timestamp="20200625 16:33:05.644" level="INFO">Waiting for process to complete.</msg>
<msg timestamp="20200625 16:33:06.146" level="INFO">Process completed.</msg>
<status status="PASS" starttime="20200625 16:33:05.639" endtime="20200625 16:33:06.146"></status>
</kw>
<kw name="Run Process" library="Process">
<doc>Runs a process and waits for it to complete.</doc>
<arguments>
<arg>zap-cli --verbose active-scan --scanners "${SCANNER_TYPE}" --recursive "${TARGET_URL}" &amp;&amp; zap-cli alerts</arg>
<arg>alias=owasp_zap_recursive_active_scanner</arg>
<arg>shell=True</arg>
<arg>timeout=2min</arg>
<arg>on_timeout=continue</arg>
</arguments>
<msg timestamp="20200625 16:33:06.148" level="INFO">Starting process:
zap-cli --verbose active-scan --scanners "sqli" --recursive "https://nodegoat.herokuapp.com" &amp;&amp; zap-cli alerts</msg>
<msg timestamp="20200625 16:33:06.153" level="INFO">Waiting for process to complete.</msg>
<msg timestamp="20200625 16:33:16.556" level="INFO">Process completed.</msg>
<status status="PASS" starttime="20200625 16:33:06.147" endtime="20200625 16:33:16.557"></status>
</kw>
<kw name="Get Process Result" library="Process">
<doc>Returns the specified `result object` or some of its attributes.</doc>
<arguments>
<arg>owasp_zap_recursive_active_scanner</arg>
<arg>stdout=true</arg>
</arguments>
<assign>
<var>${RECURSIVE_ACTIVE_SCANNER_RESULTS}</var>
</assign>
<msg timestamp="20200625 16:33:16.559" level="INFO">${RECURSIVE_ACTIVE_SCANNER_RESULTS} = [INFO]            Running an active scan...
[DEBUG]           Disabling all current scanners
[DEBUG]           Enabling scanners with IDs 40018
[DEBUG]           Scanning target https://nodegoat.herok...</msg>
<status status="PASS" starttime="20200625 16:33:16.557" endtime="20200625 16:33:16.559"></status>
</kw>
<kw name="Log" library="BuiltIn">
<doc>Logs the given message with the given level.</doc>
<arguments>
<arg>${RECURSIVE_ACTIVE_SCANNER_RESULTS}</arg>
</arguments>
<msg timestamp="20200625 16:33:16.560" level="INFO">[INFO]            Running an active scan...
[DEBUG]           Disabling all current scanners
[DEBUG]           Enabling scanners with IDs 40018
[DEBUG]           Scanning target https://nodegoat.herokuapp.com...
[DEBUG]           Started scan with ID 0...
[DEBUG]           Scan progress %: 0
[DEBUG]           Scan #0 completed
[INFO]            Issues found: 0</msg>
<status status="PASS" starttime="20200625 16:33:16.559" endtime="20200625 16:33:16.560"></status>
</kw>
<kw name="Should Contain" library="BuiltIn">
<doc>Fails if ``container`` does not contain ``item`` one or more times.</doc>
<arguments>
<arg>${RECURSIVE_ACTIVE_SCANNER_RESULTS}</arg>
<arg>Issues found: 0</arg>
</arguments>
<status status="PASS" starttime="20200625 16:33:16.560" endtime="20200625 16:33:16.561"></status>
</kw>
<status status="PASS" starttime="20200625 16:33:02.490" endtime="20200625 16:33:16.561"></status>
</kw>
<kw name="Run OWASP Zap Recursive Active Scan With Specific Settings Then Check Result" library="Security-And-Penetration-Test-Resources">
<arguments>
<arg>xss</arg>
<arg>High</arg>
<arg>Low</arg>
<arg>https://nodegoat.herokuapp.com</arg>
</arguments>
<kw name="Run Process" library="Process">
<doc>Runs a process and waits for it to complete.</doc>
<arguments>
<arg>zap-cli open-url "${TARGET_URL}"</arg>
<arg>shell=True</arg>
<arg>timeout=10s</arg>
<arg>on_timeout=continue</arg>
</arguments>
<msg timestamp="20200625 16:33:16.563" level="INFO">Starting process:
zap-cli open-url "https://nodegoat.herokuapp.com"</msg>
<msg timestamp="20200625 16:33:16.570" level="INFO">Waiting for process to complete.</msg>
<msg timestamp="20200625 16:33:18.902" level="INFO">Process completed.</msg>
<status status="PASS" starttime="20200625 16:33:16.562" endtime="20200625 16:33:18.903"></status>
</kw>
<kw name="Run Process" library="Process">
<doc>Runs a process and waits for it to complete.</doc>
<arguments>
<arg>zap-cli scanners set-strength --strength "${SCANNER_STRENGTH}"</arg>
<arg>shell=True</arg>
<arg>timeout=10s</arg>
<arg>on_timeout=continue</arg>
</arguments>
<msg timestamp="20200625 16:33:18.906" level="INFO">Starting process:
zap-cli scanners set-strength --strength "High"</msg>
<msg timestamp="20200625 16:33:18.911" level="INFO">Waiting for process to complete.</msg>
<msg timestamp="20200625 16:33:19.514" level="INFO">Process completed.</msg>
<status status="PASS" starttime="20200625 16:33:18.903" endtime="20200625 16:33:19.514"></status>
</kw>
<kw name="Run Process" library="Process">
<doc>Runs a process and waits for it to complete.</doc>
<arguments>
<arg>zap-cli scanners set-threshold --threshold "${SCANNER_ALERT_LEVEL}"</arg>
<arg>shell=True</arg>
<arg>timeout=10s</arg>
<arg>on_timeout=continue</arg>
</arguments>
<msg timestamp="20200625 16:33:19.515" level="INFO">Starting process:
zap-cli scanners set-threshold --threshold "Low"</msg>
<msg timestamp="20200625 16:33:19.521" level="INFO">Waiting for process to complete.</msg>
<msg timestamp="20200625 16:33:20.024" level="INFO">Process completed.</msg>
<status status="PASS" starttime="20200625 16:33:19.515" endtime="20200625 16:33:20.025"></status>
</kw>
<kw name="Run Process" library="Process">
<doc>Runs a process and waits for it to complete.</doc>
<arguments>
<arg>zap-cli --verbose active-scan --scanners "${SCANNER_TYPE}" --recursive "${TARGET_URL}" &amp;&amp; zap-cli alerts</arg>
<arg>alias=owasp_zap_recursive_active_scanner</arg>
<arg>shell=True</arg>
<arg>timeout=2min</arg>
<arg>on_timeout=continue</arg>
</arguments>
<msg timestamp="20200625 16:33:20.026" level="INFO">Starting process:
zap-cli --verbose active-scan --scanners "xss" --recursive "https://nodegoat.herokuapp.com" &amp;&amp; zap-cli alerts</msg>
<msg timestamp="20200625 16:33:20.031" level="INFO">Waiting for process to complete.</msg>
<msg timestamp="20200625 16:33:30.482" level="INFO">Process completed.</msg>
<status status="PASS" starttime="20200625 16:33:20.025" endtime="20200625 16:33:30.483"></status>
</kw>
<kw name="Get Process Result" library="Process">
<doc>Returns the specified `result object` or some of its attributes.</doc>
<arguments>
<arg>owasp_zap_recursive_active_scanner</arg>
<arg>stdout=true</arg>
</arguments>
<assign>
<var>${RECURSIVE_ACTIVE_SCANNER_RESULTS}</var>
</assign>
<msg timestamp="20200625 16:33:30.485" level="INFO">${RECURSIVE_ACTIVE_SCANNER_RESULTS} = [INFO]            Running an active scan...
[DEBUG]           Disabling all current scanners
[DEBUG]           Enabling scanners with IDs 40012,40014,40016,40017
[DEBUG]           Scanning target http...</msg>
<status status="PASS" starttime="20200625 16:33:30.484" endtime="20200625 16:33:30.485"></status>
</kw>
<kw name="Log" library="BuiltIn">
<doc>Logs the given message with the given level.</doc>
<arguments>
<arg>${RECURSIVE_ACTIVE_SCANNER_RESULTS}</arg>
</arguments>
<msg timestamp="20200625 16:33:30.486" level="INFO">[INFO]            Running an active scan...
[DEBUG]           Disabling all current scanners
[DEBUG]           Enabling scanners with IDs 40012,40014,40016,40017
[DEBUG]           Scanning target https://nodegoat.herokuapp.com...
[DEBUG]           Started scan with ID 1...
[DEBUG]           Scan progress %: 0
[DEBUG]           Scan #1 completed
[INFO]            Issues found: 0</msg>
<status status="PASS" starttime="20200625 16:33:30.486" endtime="20200625 16:33:30.487"></status>
</kw>
<kw name="Should Contain" library="BuiltIn">
<doc>Fails if ``container`` does not contain ``item`` one or more times.</doc>
<arguments>
<arg>${RECURSIVE_ACTIVE_SCANNER_RESULTS}</arg>
<arg>Issues found: 0</arg>
</arguments>
<status status="PASS" starttime="20200625 16:33:30.488" endtime="20200625 16:33:30.489"></status>
</kw>
<status status="PASS" starttime="20200625 16:33:16.561" endtime="20200625 16:33:30.489"></status>
</kw>
<status status="PASS" starttime="20200625 16:32:56.000" endtime="20200625 16:33:30.489"></status>
</kw>
<tags>
<tag>Cross-Site_Scripting_Vulverability_Test</tag>
<tag>Injection_Vulverability_Test</tag>
<tag>Number_1_Risk_On_OWASP_Top_10</tag>
<tag>Number_7_Risk_On_OWASP_Top_10</tag>
<tag>OWASP_Zap_Security_And_Penetration_Tests</tag>
</tags>
<status status="PASS" starttime="20200625 16:32:55.999" endtime="20200625 16:33:30.490" critical="yes"></status>
</test>
<kw name="Generate Reports Gather Logs And Clean Up" library="Security-And-Penetration-Test-Resources" type="teardown">
<kw name="Run Keyword And Ignore Error" library="BuiltIn">
<doc>Runs the given keyword with the given arguments and ignores possible error.</doc>
<arguments>
<arg>Generate OWASP Report Files</arg>
</arguments>
<kw name="Generate OWASP Report Files" library="Security-And-Penetration-Test-Resources">
<kw name="Remove File" library="OperatingSystem">
<doc>Removes a file with the given path.</doc>
<arguments>
<arg>${PATH}//Workshop-Part-Three//owasp-zap-report.html</arg>
</arguments>
<msg timestamp="20200625 16:33:30.497" level="INFO" html="yes">File '&lt;a href="file:///rfw/Workshop-Part-Three/owasp-zap-report.html"&gt;/rfw/Workshop-Part-Three/owasp-zap-report.html&lt;/a&gt;' does not exist.</msg>
<status status="PASS" starttime="20200625 16:33:30.496" endtime="20200625 16:33:30.497"></status>
</kw>
<kw name="Remove File" library="OperatingSystem">
<doc>Removes a file with the given path.</doc>
<arguments>
<arg>${PATH}//Workshop-Part-Three//owasp-zap-report.md</arg>
</arguments>
<msg timestamp="20200625 16:33:30.498" level="INFO" html="yes">File '&lt;a href="file:///rfw/Workshop-Part-Three/owasp-zap-report.md"&gt;/rfw/Workshop-Part-Three/owasp-zap-report.md&lt;/a&gt;' does not exist.</msg>
<status status="PASS" starttime="20200625 16:33:30.497" endtime="20200625 16:33:30.498"></status>
</kw>
<kw name="Run Process" library="Process">
<doc>Runs a process and waits for it to complete.</doc>
<arguments>
<arg>cd /rfw &amp;&amp; zap-cli --verbose report -o ./Workshop-Part-Three/owasp-zap-report.html --output-format html</arg>
<arg>shell=True</arg>
<arg>timeout=20s</arg>
<arg>on_timeout=continue</arg>
</arguments>
<msg timestamp="20200625 16:33:30.499" level="INFO">Starting process:
cd /rfw &amp;&amp; zap-cli --verbose report -o ./Workshop-Part-Three/owasp-zap-report.html --output-format html</msg>
<msg timestamp="20200625 16:33:30.504" level="INFO">Waiting for process to complete.</msg>
<msg timestamp="20200625 16:33:31.006" level="INFO">Process completed.</msg>
<status status="PASS" starttime="20200625 16:33:30.498" endtime="20200625 16:33:31.007"></status>
</kw>
<kw name="Run Process" library="Process">
<doc>Runs a process and waits for it to complete.</doc>
<arguments>
<arg>cd /rfw &amp;&amp; zap-cli --verbose report -o ./Workshop-Part-Three/owasp-zap-report.md --output-format md</arg>
<arg>shell=True</arg>
<arg>timeout=20s</arg>
<arg>on_timeout=continue</arg>
</arguments>
<msg timestamp="20200625 16:33:31.008" level="INFO">Starting process:
cd /rfw &amp;&amp; zap-cli --verbose report -o ./Workshop-Part-Three/owasp-zap-report.md --output-format md</msg>
<msg timestamp="20200625 16:33:31.012" level="INFO">Waiting for process to complete.</msg>
<msg timestamp="20200625 16:33:31.314" level="INFO">Process completed.</msg>
<status status="PASS" starttime="20200625 16:33:31.007" endtime="20200625 16:33:31.315"></status>
</kw>
<status status="PASS" starttime="20200625 16:33:30.495" endtime="20200625 16:33:31.315"></status>
</kw>
<status status="PASS" starttime="20200625 16:33:30.495" endtime="20200625 16:33:31.315"></status>
</kw>
<kw name="Run Keyword And Ignore Error" library="BuiltIn">
<doc>Runs the given keyword with the given arguments and ignores possible error.</doc>
<arguments>
<arg>Generate Combined Selenium OWASP Report Files</arg>
</arguments>
<kw name="Generate Combined Selenium OWASP Report Files" library="Security-And-Penetration-Test-Resources">
<kw name="Remove File" library="OperatingSystem">
<doc>Removes a file with the given path.</doc>
<arguments>
<arg>${PATH}//Workshop-Part-Three//selenium-owasp-zap-report.html</arg>
</arguments>
<msg timestamp="20200625 16:33:31.319" level="INFO" html="yes">File '&lt;a href="file:///rfw/Workshop-Part-Three/selenium-owasp-zap-report.html"&gt;/rfw/Workshop-Part-Three/selenium-owasp-zap-report.html&lt;/a&gt;' does not exist.</msg>
<status status="PASS" starttime="20200625 16:33:31.317" endtime="20200625 16:33:31.319"></status>
</kw>
<kw name="Remove File" library="OperatingSystem">
<doc>Removes a file with the given path.</doc>
<arguments>
<arg>${PATH}//Workshop-Part-Three//selenium-owasp-zap-report.md</arg>
</arguments>
<msg timestamp="20200625 16:33:31.320" level="INFO" html="yes">File '&lt;a href="file:///rfw/Workshop-Part-Three/selenium-owasp-zap-report.md"&gt;/rfw/Workshop-Part-Three/selenium-owasp-zap-report.md&lt;/a&gt;' does not exist.</msg>
<status status="PASS" starttime="20200625 16:33:31.320" endtime="20200625 16:33:31.320"></status>
</kw>
<kw name="Run Process" library="Process">
<doc>Runs a process and waits for it to complete.</doc>
<arguments>
<arg>cd /rfw &amp;&amp; zap-cli --verbose report -o ./Workshop-Part-Three/selenium-owasp-zap-report.html --output-format html</arg>
<arg>shell=True</arg>
<arg>timeout=20s</arg>
<arg>on_timeout=continue</arg>
</arguments>
<msg timestamp="20200625 16:33:31.321" level="INFO">Starting process:
cd /rfw &amp;&amp; zap-cli --verbose report -o ./Workshop-Part-Three/selenium-owasp-zap-report.html --output-format html</msg>
<msg timestamp="20200625 16:33:31.327" level="INFO">Waiting for process to complete.</msg>
<msg timestamp="20200625 16:33:31.630" level="INFO">Process completed.</msg>
<status status="PASS" starttime="20200625 16:33:31.321" endtime="20200625 16:33:31.630"></status>
</kw>
<kw name="Run Process" library="Process">
<doc>Runs a process and waits for it to complete.</doc>
<arguments>
<arg>cd /rfw &amp;&amp; zap-cli --verbose report -o ./Workshop-Part-Three/selenium-owasp-zap-report.md --output-format md</arg>
<arg>shell=True</arg>
<arg>timeout=20s</arg>
<arg>on_timeout=continue</arg>
</arguments>
<msg timestamp="20200625 16:33:31.632" level="INFO">Starting process:
cd /rfw &amp;&amp; zap-cli --verbose report -o ./Workshop-Part-Three/selenium-owasp-zap-report.md --output-format md</msg>
<msg timestamp="20200625 16:33:31.637" level="INFO">Waiting for process to complete.</msg>
<msg timestamp="20200625 16:33:31.939" level="INFO">Process completed.</msg>
<status status="PASS" starttime="20200625 16:33:31.631" endtime="20200625 16:33:31.939"></status>
</kw>
<status status="PASS" starttime="20200625 16:33:31.317" endtime="20200625 16:33:31.940"></status>
</kw>
<status status="PASS" starttime="20200625 16:33:31.316" endtime="20200625 16:33:31.940"></status>
</kw>
<kw name="Run Keyword And Ignore Error" library="BuiltIn">
<doc>Runs the given keyword with the given arguments and ignores possible error.</doc>
<arguments>
<arg>Gather And Display All Logs</arg>
</arguments>
<kw name="Gather And Display All Logs" library="Security-And-Penetration-Test-Resources">
<kw name="Get File" library="OperatingSystem">
<doc>Returns the contents of a specified file.</doc>
<arguments>
<arg>${PATH}//Workshop-Part-Three//owasp-zap-report.md</arg>
</arguments>
<assign>
<var>${OWASP_ZAP_MD_REPORT}</var>
</assign>
<msg timestamp="20200625 16:33:31.941" level="INFO" html="yes">Getting file '&lt;a href="file:///rfw/Workshop-Part-Three/owasp-zap-report.md"&gt;/rfw/Workshop-Part-Three/owasp-zap-report.md&lt;/a&gt;'.</msg>
<msg timestamp="20200625 16:33:31.946" level="INFO">${OWASP_ZAP_MD_REPORT} = 
# ZAP Scanning Report




## Summary of Alerts

| Risk Level | Number of Alerts |
| --- | --- |
| High | 0 |
| Medium | 2 |
| Low | 7 |
| Informational | 1 |

## Alerts

| Name | Risk Level | Number ...</msg>
<status status="PASS" starttime="20200625 16:33:31.941" endtime="20200625 16:33:31.947"></status>
</kw>
<kw name="Log" library="BuiltIn">
<doc>Logs the given message with the given level.</doc>
<arguments>
<arg>${OWASP_ZAP_MD_REPORT}</arg>
</arguments>
<msg timestamp="20200625 16:33:31.947" level="INFO">
# ZAP Scanning Report




## Summary of Alerts

| Risk Level | Number of Alerts |
| --- | --- |
| High | 0 |
| Medium | 2 |
| Low | 7 |
| Informational | 1 |

## Alerts

| Name | Risk Level | Number of Instances |
| --- | --- | --- | 
| Reverse Tabnabbing | Medium | 1 | 
| X-Frame-Options Header Not Set | Medium | 1 | 
| Content Security Policy (CSP) Header Not Set | Low | 1 | 
| Cookie Without SameSite Attribute | Low | 1 | 
| Cookie Without Secure Flag | Low | 1 | 
| Incomplete or No Cache-control and Pragma HTTP Header Set | Low | 1 | 
| Server Leaks Information via "X-Powered-By" HTTP Response Header Field(s) | Low | 2 | 
| Strict-Transport-Security Header Not Set | Low | 1 | 
| X-Content-Type-Options Header Missing | Low | 1 | 
| Modern Web Application | Informational | 1 | 

## Alert Detail


  
  
  
### Reverse Tabnabbing
##### Medium (Medium)
  
  
  
  
#### Description
&lt;p&gt;At least one link on this page is vulnerable to Reverse tabnabbing as it uses a target attribute without using both of the "noopener" and "noreferrer" keywords in the "rel" attribute, which allows the target page to take control of this page.&lt;/p&gt;
  
  
  
* URL: [https://nodegoat.herokuapp.com/login](https://nodegoat.herokuapp.com/login)
  
  
  * Method: `GET`
  
  
  * Evidence: `&lt;a target="_blank" href="https://www.owasp.org/index.php/Top_10_2013-Top_10"&gt; OWASP Top 10&lt;/a&gt;`
  
  
  
  
Instances: 1
  
### Solution
&lt;p&gt;Do not use a target attribute, or if you have to then also add the attribute: rel="noopener noreferrer".&lt;/p&gt;
  
### Reference
* https://owasp.org/www-community/attacks/Reverse_Tabnabbing
* https://dev.to/ben/the-targetblank-vulnerability-by-example
* https://mathiasbynens.github.io/rel-noopener/
* https://medium.com/@jitbit/target-blank-the-most-underestimated-vulnerability-ever-96e328301f4c
* 

  
#### Source ID : 3

  
  
  
### X-Frame-Options Header Not Set
##### Medium (Medium)
  
  
  
  
#### Description
&lt;p&gt;X-Frame-Options header is not included in the HTTP response to protect against 'ClickJacking' attacks.&lt;/p&gt;
  
  
  
* URL: [https://nodegoat.herokuapp.com/login](https://nodegoat.herokuapp.com/login)
  
  
  * Method: `GET`
  
  
  * Parameter: `X-Frame-Options`
  
  
  
  
Instances: 1
  
### Solution
&lt;p&gt;Most modern Web browsers support the X-Frame-Options HTTP header. Ensure it's set on all web pages returned by your site (if you expect the page to be framed only by pages on your server (e.g. it's part of a FRAMESET) then you'll want to use SAMEORIGIN, otherwise if you never expect the page to be framed, you should use DENY. ALLOW-FROM allows specific websites to frame the web page in supported web browsers).&lt;/p&gt;
  
### Reference
* https://developer.mozilla.org/en-US/docs/Web/HTTP/Headers/X-Frame-Options

  
#### CWE Id : 16
  
#### WASC Id : 15
  
#### Source ID : 3

  
  
  
### Content Security Policy (CSP) Header Not Set
##### Low (Medium)
  
  
  
  
#### Description
&lt;p&gt;Content Security Policy (CSP) is an added layer of security that helps to detect and mitigate certain types of attacks, including Cross Site Scripting (XSS) and data injection attacks. These attacks are used for everything from data theft to site defacement or distribution of malware. CSP provides a set of standard HTTP headers that allow website owners to declare approved sources of content that browsers should be allowed to load on that page — covered types are JavaScript, CSS, HTML frames, fonts, images and embeddable objects such as Java applets, ActiveX, audio and video files.&lt;/p&gt;
  
  
  
* URL: [https://nodegoat.herokuapp.com/login](https://nodegoat.herokuapp.com/login)
  
  
  * Method: `GET`
  
  
  
  
Instances: 1
  
### Solution
&lt;p&gt;Ensure that your web server, application server, load balancer, etc. is configured to set the Content-Security-Policy header, to achieve optimal browser support: "Content-Security-Policy" for Chrome 25+, Firefox 23+ and Safari 7+, "X-Content-Security-Policy" for Firefox 4.0+ and Internet Explorer 10+, and "X-WebKit-CSP" for Chrome 14+ and Safari 6+.&lt;/p&gt;
  
### Reference
* https://developer.mozilla.org/en-US/docs/Web/Security/CSP/Introducing_Content_Security_Policy
* https://cheatsheetseries.owasp.org/cheatsheets/Content_Security_Policy_Cheat_Sheet.html
* http://www.w3.org/TR/CSP/
* http://w3c.github.io/webappsec/specs/content-security-policy/csp-specification.dev.html
* http://www.html5rocks.com/en/tutorials/security/content-security-policy/
* http://caniuse.com/#feat=contentsecuritypolicy
* http://content-security-policy.com/

  
#### CWE Id : 16
  
#### WASC Id : 15
  
#### Source ID : 3

  
  
  
### Cookie Without SameSite Attribute
##### Low (Medium)
  
  
  
  
#### Description
&lt;p&gt;A cookie has been set without the SameSite attribute, which means that the cookie can be sent as a result of a 'cross-site' request. The SameSite attribute is an effective counter measure to cross-site request forgery, cross-site script inclusion, and timing attacks.&lt;/p&gt;
  
  
  
* URL: [https://nodegoat.herokuapp.com/](https://nodegoat.herokuapp.com/)
  
  
  * Method: `GET`
  
  
  * Parameter: `connect.sid`
  
  
  * Evidence: `Set-Cookie: connect.sid`
  
  
  
  
Instances: 1
  
### Solution
&lt;p&gt;Ensure that the SameSite attribute is set to either 'lax' or ideally 'strict' for all cookies.&lt;/p&gt;
  
### Reference
* https://tools.ietf.org/html/draft-ietf-httpbis-cookie-same-site

  
#### CWE Id : 16
  
#### WASC Id : 13
  
#### Source ID : 3

  
  
  
### Cookie Without Secure Flag
##### Low (Medium)
  
  
  
  
#### Description
&lt;p&gt;A cookie has been set without the secure flag, which means that the cookie can be accessed via unencrypted connections.&lt;/p&gt;
  
  
  
* URL: [https://nodegoat.herokuapp.com/](https://nodegoat.herokuapp.com/)
  
  
  * Method: `GET`
  
  
  * Parameter: `connect.sid`
  
  
  * Evidence: `Set-Cookie: connect.sid`
  
  
  
  
Instances: 1
  
### Solution
&lt;p&gt;Whenever a cookie contains sensitive information or is a session token, then it should always be passed using an encrypted channel. Ensure that the secure flag is set for cookies containing such sensitive information.&lt;/p&gt;
  
### Reference
* https://owasp.org/www-project-web-security-testing-guide/v41/4-Web_Application_Security_Testing/06-Session_Management_Testing/02-Testing_for_Cookies_Attributes.html

  
#### CWE Id : 614
  
#### WASC Id : 13
  
#### Source ID : 3

  
  
  
### Incomplete or No Cache-control and Pragma HTTP Header Set
##### Low (Medium)
  
  
  
  
#### Description
&lt;p&gt;The cache-control and pragma HTTP header have not been set properly or are missing allowing the browser and proxies to cache content.&lt;/p&gt;
  
  
  
* URL: [https://nodegoat.herokuapp.com/login](https://nodegoat.herokuapp.com/login)
  
  
  * Method: `GET`
  
  
  * Parameter: `Cache-Control`
  
  
  
  
Instances: 1
  
### Solution
&lt;p&gt;Whenever possible ensure the cache-control HTTP header is set with no-cache, no-store, must-revalidate; and that the pragma HTTP header is set with no-cache.&lt;/p&gt;
  
### Reference
* https://cheatsheetseries.owasp.org/cheatsheets/Session_Management_Cheat_Sheet.html#web-content-caching

  
#### CWE Id : 525
  
#### WASC Id : 13
  
#### Source ID : 3

  
  
  
### Server Leaks Information via "X-Powered-By" HTTP Response Header Field(s)
##### Low (Medium)
  
  
  
  
#### Description
&lt;p&gt;The web/application server is leaking information via one or more "X-Powered-By" HTTP response headers. Access to such information may facilitate attackers identifying other frameworks/components your web application is reliant upon and the vulnerabilities such components may be subject to.&lt;/p&gt;
  
  
  
* URL: [https://nodegoat.herokuapp.com/](https://nodegoat.herokuapp.com/)
  
  
  * Method: `GET`
  
  
  * Evidence: `X-Powered-By: Express`
  
  
  
  
* URL: [https://nodegoat.herokuapp.com/login](https://nodegoat.herokuapp.com/login)
  
  
  * Method: `GET`
  
  
  * Evidence: `X-Powered-By: Express`
  
  
  
  
Instances: 2
  
### Solution
&lt;p&gt;Ensure that your web server, application server, load balancer, etc. is configured to suppress "X-Powered-By" headers.&lt;/p&gt;
  
### Reference
* http://blogs.msdn.com/b/varunm/archive/2013/04/23/remove-unwanted-http-response-headers.aspx
* http://www.troyhunt.com/2012/02/shhh-dont-let-your-response-headers.html

  
#### CWE Id : 200
  
#### WASC Id : 13
  
#### Source ID : 3

  
  
  
### Strict-Transport-Security Header Not Set
##### Low (High)
  
  
  
  
#### Description
&lt;p&gt;HTTP Strict Transport Security (HSTS) is a web security policy mechanism whereby a web server declares that complying user agents (such as a web browser) are to interact with it using only secure HTTPS connections (i.e. HTTP layered over TLS/SSL). HSTS is an IETF standards track protocol and is specified in RFC 6797.&lt;/p&gt;
  
  
  
* URL: [https://nodegoat.herokuapp.com/login](https://nodegoat.herokuapp.com/login)
  
  
  * Method: `GET`
  
  
  
  
Instances: 1
  
### Solution
&lt;p&gt;Ensure that your web server, application server, load balancer, etc. is configured to enforce Strict-Transport-Security.&lt;/p&gt;
  
### Reference
* https://cheatsheetseries.owasp.org/cheatsheets/HTTP_Strict_Transport_Security_Cheat_Sheet.html
* https://owasp.org/www-community/Security_Headers
* http://en.wikipedia.org/wiki/HTTP_Strict_Transport_Security
* http://caniuse.com/stricttransportsecurity
* http://tools.ietf.org/html/rfc6797

  
#### CWE Id : 16
  
#### WASC Id : 15
  
#### Source ID : 3

  
  
  
### X-Content-Type-Options Header Missing
##### Low (Medium)
  
  
  
  
#### Description
&lt;p&gt;The Anti-MIME-Sniffing header X-Content-Type-Options was not set to 'nosniff'. This allows older versions of Internet Explorer and Chrome to perform MIME-sniffing on the response body, potentially causing the response body to be interpreted and displayed as a content type other than the declared content type. Current (early 2014) and legacy versions of Firefox will use the declared content type (if one is set), rather than performing MIME-sniffing.&lt;/p&gt;
  
  
  
* URL: [https://nodegoat.herokuapp.com/login](https://nodegoat.herokuapp.com/login)
  
  
  * Method: `GET`
  
  
  * Parameter: `X-Content-Type-Options`
  
  
  
  
Instances: 1
  
### Solution
&lt;p&gt;Ensure that the application/web server sets the Content-Type header appropriately, and that it sets the X-Content-Type-Options header to 'nosniff' for all web pages.&lt;/p&gt;&lt;p&gt;If possible, ensure that the end user uses a standards-compliant and modern web browser that does not perform MIME-sniffing at all, or that can be directed by the web application/web server to not perform MIME-sniffing.&lt;/p&gt;
  
### Other information
&lt;p&gt;This issue still applies to error type pages (401, 403, 500, etc.) as those pages are often still affected by injection issues, in which case there is still concern for browsers sniffing pages away from their actual content type.&lt;/p&gt;&lt;p&gt;At "High" threshold this scanner will not alert on client or server error responses.&lt;/p&gt;
  
### Reference
* http://msdn.microsoft.com/en-us/library/ie/gg622941%28v=vs.85%29.aspx
* https://owasp.org/www-community/Security_Headers

  
#### CWE Id : 16
  
#### WASC Id : 15
  
#### Source ID : 3

  
  
  
### Modern Web Application
##### Informational (Medium)
  
  
  
  
#### Description
&lt;p&gt;The application appears to be a modern web application. If you need to explore it automatically then the Ajax Spider may well be more effective than the standard one.&lt;/p&gt;
  
  
  
* URL: [https://nodegoat.herokuapp.com/login](https://nodegoat.herokuapp.com/login)
  
  
  * Method: `GET`
  
  
  * Evidence: `&lt;a href="#" class="dropdown-toggle" data-toggle="dropdown" style="font-size: larger"&gt;&lt;i class="fa fa-info-circle"&gt;&lt;/i&gt;&lt;/a&gt;`
  
  
  
  
Instances: 1
  
### Solution
&lt;p&gt;This is an informational alert and so no changes are required.&lt;/p&gt;
  
### Other information
&lt;p&gt;Links have been found that do not have traditional href attributes, which is an indication that this is a modern web application.&lt;/p&gt;
  
### Reference
* 

  
#### Source ID : 3
</msg>
<status status="PASS" starttime="20200625 16:33:31.947" endtime="20200625 16:33:31.948"></status>
</kw>
<kw name="Get File" library="OperatingSystem">
<doc>Returns the contents of a specified file.</doc>
<arguments>
<arg>${PATH}//Workshop-Part-Three//selenium-owasp-zap-report.md</arg>
</arguments>
<assign>
<var>${SELENIUM_OWASP_ZAP_MD_REPORT}</var>
</assign>
<msg timestamp="20200625 16:33:31.949" level="INFO" html="yes">Getting file '&lt;a href="file:///rfw/Workshop-Part-Three/selenium-owasp-zap-report.md"&gt;/rfw/Workshop-Part-Three/selenium-owasp-zap-report.md&lt;/a&gt;'.</msg>
<msg timestamp="20200625 16:33:31.952" level="INFO">${SELENIUM_OWASP_ZAP_MD_REPORT} = 
# ZAP Scanning Report




## Summary of Alerts

| Risk Level | Number of Alerts |
| --- | --- |
| High | 0 |
| Medium | 2 |
| Low | 7 |
| Informational | 1 |

## Alerts

| Name | Risk Level | Number ...</msg>
<status status="PASS" starttime="20200625 16:33:31.948" endtime="20200625 16:33:31.952"></status>
</kw>
<kw name="Log" library="BuiltIn">
<doc>Logs the given message with the given level.</doc>
<arguments>
<arg>${SELENIUM_OWASP_ZAP_MD_REPORT}</arg>
</arguments>
<msg timestamp="20200625 16:33:31.953" level="INFO">
# ZAP Scanning Report




## Summary of Alerts

| Risk Level | Number of Alerts |
| --- | --- |
| High | 0 |
| Medium | 2 |
| Low | 7 |
| Informational | 1 |

## Alerts

| Name | Risk Level | Number of Instances |
| --- | --- | --- | 
| Reverse Tabnabbing | Medium | 1 | 
| X-Frame-Options Header Not Set | Medium | 1 | 
| Content Security Policy (CSP) Header Not Set | Low | 1 | 
| Cookie Without SameSite Attribute | Low | 1 | 
| Cookie Without Secure Flag | Low | 1 | 
| Incomplete or No Cache-control and Pragma HTTP Header Set | Low | 1 | 
| Server Leaks Information via "X-Powered-By" HTTP Response Header Field(s) | Low | 2 | 
| Strict-Transport-Security Header Not Set | Low | 1 | 
| X-Content-Type-Options Header Missing | Low | 1 | 
| Modern Web Application | Informational | 1 | 

## Alert Detail


  
  
  
### Reverse Tabnabbing
##### Medium (Medium)
  
  
  
  
#### Description
&lt;p&gt;At least one link on this page is vulnerable to Reverse tabnabbing as it uses a target attribute without using both of the "noopener" and "noreferrer" keywords in the "rel" attribute, which allows the target page to take control of this page.&lt;/p&gt;
  
  
  
* URL: [https://nodegoat.herokuapp.com/login](https://nodegoat.herokuapp.com/login)
  
  
  * Method: `GET`
  
  
  * Evidence: `&lt;a target="_blank" href="https://www.owasp.org/index.php/Top_10_2013-Top_10"&gt; OWASP Top 10&lt;/a&gt;`
  
  
  
  
Instances: 1
  
### Solution
&lt;p&gt;Do not use a target attribute, or if you have to then also add the attribute: rel="noopener noreferrer".&lt;/p&gt;
  
### Reference
* https://owasp.org/www-community/attacks/Reverse_Tabnabbing
* https://dev.to/ben/the-targetblank-vulnerability-by-example
* https://mathiasbynens.github.io/rel-noopener/
* https://medium.com/@jitbit/target-blank-the-most-underestimated-vulnerability-ever-96e328301f4c
* 

  
#### Source ID : 3

  
  
  
### X-Frame-Options Header Not Set
##### Medium (Medium)
  
  
  
  
#### Description
&lt;p&gt;X-Frame-Options header is not included in the HTTP response to protect against 'ClickJacking' attacks.&lt;/p&gt;
  
  
  
* URL: [https://nodegoat.herokuapp.com/login](https://nodegoat.herokuapp.com/login)
  
  
  * Method: `GET`
  
  
  * Parameter: `X-Frame-Options`
  
  
  
  
Instances: 1
  
### Solution
&lt;p&gt;Most modern Web browsers support the X-Frame-Options HTTP header. Ensure it's set on all web pages returned by your site (if you expect the page to be framed only by pages on your server (e.g. it's part of a FRAMESET) then you'll want to use SAMEORIGIN, otherwise if you never expect the page to be framed, you should use DENY. ALLOW-FROM allows specific websites to frame the web page in supported web browsers).&lt;/p&gt;
  
### Reference
* https://developer.mozilla.org/en-US/docs/Web/HTTP/Headers/X-Frame-Options

  
#### CWE Id : 16
  
#### WASC Id : 15
  
#### Source ID : 3

  
  
  
### Content Security Policy (CSP) Header Not Set
##### Low (Medium)
  
  
  
  
#### Description
&lt;p&gt;Content Security Policy (CSP) is an added layer of security that helps to detect and mitigate certain types of attacks, including Cross Site Scripting (XSS) and data injection attacks. These attacks are used for everything from data theft to site defacement or distribution of malware. CSP provides a set of standard HTTP headers that allow website owners to declare approved sources of content that browsers should be allowed to load on that page — covered types are JavaScript, CSS, HTML frames, fonts, images and embeddable objects such as Java applets, ActiveX, audio and video files.&lt;/p&gt;
  
  
  
* URL: [https://nodegoat.herokuapp.com/login](https://nodegoat.herokuapp.com/login)
  
  
  * Method: `GET`
  
  
  
  
Instances: 1
  
### Solution
&lt;p&gt;Ensure that your web server, application server, load balancer, etc. is configured to set the Content-Security-Policy header, to achieve optimal browser support: "Content-Security-Policy" for Chrome 25+, Firefox 23+ and Safari 7+, "X-Content-Security-Policy" for Firefox 4.0+ and Internet Explorer 10+, and "X-WebKit-CSP" for Chrome 14+ and Safari 6+.&lt;/p&gt;
  
### Reference
* https://developer.mozilla.org/en-US/docs/Web/Security/CSP/Introducing_Content_Security_Policy
* https://cheatsheetseries.owasp.org/cheatsheets/Content_Security_Policy_Cheat_Sheet.html
* http://www.w3.org/TR/CSP/
* http://w3c.github.io/webappsec/specs/content-security-policy/csp-specification.dev.html
* http://www.html5rocks.com/en/tutorials/security/content-security-policy/
* http://caniuse.com/#feat=contentsecuritypolicy
* http://content-security-policy.com/

  
#### CWE Id : 16
  
#### WASC Id : 15
  
#### Source ID : 3

  
  
  
### Cookie Without SameSite Attribute
##### Low (Medium)
  
  
  
  
#### Description
&lt;p&gt;A cookie has been set without the SameSite attribute, which means that the cookie can be sent as a result of a 'cross-site' request. The SameSite attribute is an effective counter measure to cross-site request forgery, cross-site script inclusion, and timing attacks.&lt;/p&gt;
  
  
  
* URL: [https://nodegoat.herokuapp.com/](https://nodegoat.herokuapp.com/)
  
  
  * Method: `GET`
  
  
  * Parameter: `connect.sid`
  
  
  * Evidence: `Set-Cookie: connect.sid`
  
  
  
  
Instances: 1
  
### Solution
&lt;p&gt;Ensure that the SameSite attribute is set to either 'lax' or ideally 'strict' for all cookies.&lt;/p&gt;
  
### Reference
* https://tools.ietf.org/html/draft-ietf-httpbis-cookie-same-site

  
#### CWE Id : 16
  
#### WASC Id : 13
  
#### Source ID : 3

  
  
  
### Cookie Without Secure Flag
##### Low (Medium)
  
  
  
  
#### Description
&lt;p&gt;A cookie has been set without the secure flag, which means that the cookie can be accessed via unencrypted connections.&lt;/p&gt;
  
  
  
* URL: [https://nodegoat.herokuapp.com/](https://nodegoat.herokuapp.com/)
  
  
  * Method: `GET`
  
  
  * Parameter: `connect.sid`
  
  
  * Evidence: `Set-Cookie: connect.sid`
  
  
  
  
Instances: 1
  
### Solution
&lt;p&gt;Whenever a cookie contains sensitive information or is a session token, then it should always be passed using an encrypted channel. Ensure that the secure flag is set for cookies containing such sensitive information.&lt;/p&gt;
  
### Reference
* https://owasp.org/www-project-web-security-testing-guide/v41/4-Web_Application_Security_Testing/06-Session_Management_Testing/02-Testing_for_Cookies_Attributes.html

  
#### CWE Id : 614
  
#### WASC Id : 13
  
#### Source ID : 3

  
  
  
### Incomplete or No Cache-control and Pragma HTTP Header Set
##### Low (Medium)
  
  
  
  
#### Description
&lt;p&gt;The cache-control and pragma HTTP header have not been set properly or are missing allowing the browser and proxies to cache content.&lt;/p&gt;
  
  
  
* URL: [https://nodegoat.herokuapp.com/login](https://nodegoat.herokuapp.com/login)
  
  
  * Method: `GET`
  
  
  * Parameter: `Cache-Control`
  
  
  
  
Instances: 1
  
### Solution
&lt;p&gt;Whenever possible ensure the cache-control HTTP header is set with no-cache, no-store, must-revalidate; and that the pragma HTTP header is set with no-cache.&lt;/p&gt;
  
### Reference
* https://cheatsheetseries.owasp.org/cheatsheets/Session_Management_Cheat_Sheet.html#web-content-caching

  
#### CWE Id : 525
  
#### WASC Id : 13
  
#### Source ID : 3

  
  
  
### Server Leaks Information via "X-Powered-By" HTTP Response Header Field(s)
##### Low (Medium)
  
  
  
  
#### Description
&lt;p&gt;The web/application server is leaking information via one or more "X-Powered-By" HTTP response headers. Access to such information may facilitate attackers identifying other frameworks/components your web application is reliant upon and the vulnerabilities such components may be subject to.&lt;/p&gt;
  
  
  
* URL: [https://nodegoat.herokuapp.com/](https://nodegoat.herokuapp.com/)
  
  
  * Method: `GET`
  
  
  * Evidence: `X-Powered-By: Express`
  
  
  
  
* URL: [https://nodegoat.herokuapp.com/login](https://nodegoat.herokuapp.com/login)
  
  
  * Method: `GET`
  
  
  * Evidence: `X-Powered-By: Express`
  
  
  
  
Instances: 2
  
### Solution
&lt;p&gt;Ensure that your web server, application server, load balancer, etc. is configured to suppress "X-Powered-By" headers.&lt;/p&gt;
  
### Reference
* http://blogs.msdn.com/b/varunm/archive/2013/04/23/remove-unwanted-http-response-headers.aspx
* http://www.troyhunt.com/2012/02/shhh-dont-let-your-response-headers.html

  
#### CWE Id : 200
  
#### WASC Id : 13
  
#### Source ID : 3

  
  
  
### Strict-Transport-Security Header Not Set
##### Low (High)
  
  
  
  
#### Description
&lt;p&gt;HTTP Strict Transport Security (HSTS) is a web security policy mechanism whereby a web server declares that complying user agents (such as a web browser) are to interact with it using only secure HTTPS connections (i.e. HTTP layered over TLS/SSL). HSTS is an IETF standards track protocol and is specified in RFC 6797.&lt;/p&gt;
  
  
  
* URL: [https://nodegoat.herokuapp.com/login](https://nodegoat.herokuapp.com/login)
  
  
  * Method: `GET`
  
  
  
  
Instances: 1
  
### Solution
&lt;p&gt;Ensure that your web server, application server, load balancer, etc. is configured to enforce Strict-Transport-Security.&lt;/p&gt;
  
### Reference
* https://cheatsheetseries.owasp.org/cheatsheets/HTTP_Strict_Transport_Security_Cheat_Sheet.html
* https://owasp.org/www-community/Security_Headers
* http://en.wikipedia.org/wiki/HTTP_Strict_Transport_Security
* http://caniuse.com/stricttransportsecurity
* http://tools.ietf.org/html/rfc6797

  
#### CWE Id : 16
  
#### WASC Id : 15
  
#### Source ID : 3

  
  
  
### X-Content-Type-Options Header Missing
##### Low (Medium)
  
  
  
  
#### Description
&lt;p&gt;The Anti-MIME-Sniffing header X-Content-Type-Options was not set to 'nosniff'. This allows older versions of Internet Explorer and Chrome to perform MIME-sniffing on the response body, potentially causing the response body to be interpreted and displayed as a content type other than the declared content type. Current (early 2014) and legacy versions of Firefox will use the declared content type (if one is set), rather than performing MIME-sniffing.&lt;/p&gt;
  
  
  
* URL: [https://nodegoat.herokuapp.com/login](https://nodegoat.herokuapp.com/login)
  
  
  * Method: `GET`
  
  
  * Parameter: `X-Content-Type-Options`
  
  
  
  
Instances: 1
  
### Solution
&lt;p&gt;Ensure that the application/web server sets the Content-Type header appropriately, and that it sets the X-Content-Type-Options header to 'nosniff' for all web pages.&lt;/p&gt;&lt;p&gt;If possible, ensure that the end user uses a standards-compliant and modern web browser that does not perform MIME-sniffing at all, or that can be directed by the web application/web server to not perform MIME-sniffing.&lt;/p&gt;
  
### Other information
&lt;p&gt;This issue still applies to error type pages (401, 403, 500, etc.) as those pages are often still affected by injection issues, in which case there is still concern for browsers sniffing pages away from their actual content type.&lt;/p&gt;&lt;p&gt;At "High" threshold this scanner will not alert on client or server error responses.&lt;/p&gt;
  
### Reference
* http://msdn.microsoft.com/en-us/library/ie/gg622941%28v=vs.85%29.aspx
* https://owasp.org/www-community/Security_Headers

  
#### CWE Id : 16
  
#### WASC Id : 15
  
#### Source ID : 3

  
  
  
### Modern Web Application
##### Informational (Medium)
  
  
  
  
#### Description
&lt;p&gt;The application appears to be a modern web application. If you need to explore it automatically then the Ajax Spider may well be more effective than the standard one.&lt;/p&gt;
  
  
  
* URL: [https://nodegoat.herokuapp.com/login](https://nodegoat.herokuapp.com/login)
  
  
  * Method: `GET`
  
  
  * Evidence: `&lt;a href="#" class="dropdown-toggle" data-toggle="dropdown" style="font-size: larger"&gt;&lt;i class="fa fa-info-circle"&gt;&lt;/i&gt;&lt;/a&gt;`
  
  
  
  
Instances: 1
  
### Solution
&lt;p&gt;This is an informational alert and so no changes are required.&lt;/p&gt;
  
### Other information
&lt;p&gt;Links have been found that do not have traditional href attributes, which is an indication that this is a modern web application.&lt;/p&gt;
  
### Reference
* 

  
#### Source ID : 3
</msg>
<status status="PASS" starttime="20200625 16:33:31.953" endtime="20200625 16:33:31.954"></status>
</kw>
<kw name="Get File" library="OperatingSystem">
<doc>Returns the contents of a specified file.</doc>
<arguments>
<arg>${PATH}//Tests//Workshop-Part-Two//Resources//owasp-zap-proxy-log.txt</arg>
</arguments>
<assign>
<var>${OWASP_ZAP_PROXY_LOG}</var>
</assign>
<msg timestamp="20200625 16:33:31.954" level="INFO" html="yes">Getting file '&lt;a href="file:///rfw/Tests/Workshop-Part-Two/Resources/owasp-zap-proxy-log.txt"&gt;/rfw/Tests/Workshop-Part-Two/Resources/owasp-zap-proxy-log.txt&lt;/a&gt;'.</msg>
<msg timestamp="20200625 16:33:31.959" level="INFO">${OWASP_ZAP_PROXY_LOG} = Found Java version 11.0.7
Available memory: 1991 MB
Using JVM args: -Xmx497m
442 [main] INFO org.zaproxy.zap.DaemonBootstrap  - OWASP ZAP D-2020-06-08 started 25/06/2020, 16:32:16 with home /home/zap/...</msg>
<status status="PASS" starttime="20200625 16:33:31.954" endtime="20200625 16:33:31.959"></status>
</kw>
<kw name="Log" library="BuiltIn">
<doc>Logs the given message with the given level.</doc>
<arguments>
<arg>${OWASP_ZAP_PROXY_LOG}</arg>
</arguments>
<msg timestamp="20200625 16:33:31.960" level="INFO">Found Java version 11.0.7
Available memory: 1991 MB
Using JVM args: -Xmx497m
442 [main] INFO org.zaproxy.zap.DaemonBootstrap  - OWASP ZAP D-2020-06-08 started 25/06/2020, 16:32:16 with home /home/zap/.ZAP_D/
493 [main] INFO org.parosproxy.paros.common.AbstractParam  - Setting config api.addrs.addr.regex = true was null
494 [main] INFO org.parosproxy.paros.common.AbstractParam  - Setting config api.disablekey = true was null
516 [main] INFO org.parosproxy.paros.network.SSLConnector  - Reading supported SSL/TLS protocols...
517 [main] INFO org.parosproxy.paros.network.SSLConnector  - Using a SSLEngine...
652 [main] INFO org.parosproxy.paros.network.SSLConnector  - Done reading supported SSL/TLS protocols: [SSLv2Hello, SSLv3, TLSv1, TLSv1.1, TLSv1.2, TLSv1.3]
667 [main] INFO org.parosproxy.paros.extension.option.OptionsParamCertificate  - Unsafe SSL renegotiation disabled.
674 [main] WARN org.zaproxy.zap.extension.api.OptionsParamApi  - Failed to read a permitted address entry, required value is empty.
1217 [main] INFO hsqldb.db.HSQLDB379AF3DEBD.ENGINE  - dataFileCache open start
1226 [main] INFO hsqldb.db.HSQLDB379AF3DEBD.ENGINE  - dataFileCache open end
1303 [ZAP-daemon] INFO org.zaproxy.zap.control.ExtensionFactory  - Loading extensions
3338 [ZAP-daemon] INFO org.zaproxy.zap.control.ExtensionFactory  - Installed add-ons: [[id=accessControl, version=6.0.0], [id=alertFilters, version=11.0.0], [id=ascanrules, version=36.0.0], [id=ascanrulesBeta, version=29.0.0], [id=bruteforce, version=10.0.0], [id=commonlib, version=1.1.0], [id=coreLang, version=14.0.0], [id=diff, version=11.0.0], [id=directorylistv1, version=5.0.0], [id=encoder, version=0.3.0], [id=formhandler, version=3.0.0], [id=fuzz, version=13.0.0], [id=gettingStarted, version=12.0.0], [id=help, version=11.0.0], [id=hud, version=0.11.0], [id=importurls, version=8.0.0], [id=invoke, version=11.0.0], [id=onlineMenu, version=8.0.0], [id=openapi, version=16.0.0], [id=plugnhack, version=12.0.0], [id=portscan, version=9.0.0], [id=pscanrules, version=30.0.0], [id=pscanrulesBeta, version=23.0.0], [id=quickstart, version=29.0.0], [id=replacer, version=9.0.0], [id=retire, version=0.3.0], [id=reveal, version=4.0.0], [id=saverawmessage, version=6.0.0], [id=savexmlmessage, version=0.2.0], [id=scripts, version=27.0.0], [id=selenium, version=15.3.0], [id=sequence, version=6.0.0], [id=spiderAjax, version=23.2.0], [id=tips, version=8.0.0], [id=webdriverlinux, version=19.0.0], [id=webdrivermacos, version=18.0.0], [id=webdriverwindows, version=19.0.0], [id=websocket, version=22.0.0], [id=zest, version=33.0.0]]
4071 [ZAP-daemon] INFO org.zaproxy.zap.control.ExtensionFactory  - Extensions loaded
Jun 25, 2020 4:32:20 PM java.util.prefs.FileSystemPreferences$1 run
INFO: Created user preferences directory.
4324 [ZAP-daemon] INFO org.parosproxy.paros.extension.ExtensionLoader  - Initializing Allows ZAP to check for updates
[...]
4501 [ZAP-daemon] INFO org.parosproxy.paros.extension.ExtensionLoader  - Initializing Allows you to view and manage alerts
4503 [ZAP-daemon] INFO org.parosproxy.paros.extension.ExtensionLoader  - Initializing Active scanner, heavily based on the original Paros active scanner, but with additional tests added
4512 [ZAP-daemon] INFO org.parosproxy.paros.extension.ExtensionLoader  - Initializing ExtensionSequence
4513 [ZAP-daemon] INFO org.parosproxy.paros.extension.ExtensionLoader  - Initializing Spider used for automatically finding URIs on a site
4519 [ZAP-daemon] INFO org.parosproxy.paros.extension.ExtensionLoader  - Initializing A set of common popup menus for miscellaneous tasks
4520 [ZAP-daemon] INFO org.parosproxy.paros.extension.ExtensionLoader  - Initializing Forced browsing of files and directories using code from the OWASP DirBuster tool
4522 [ZAP-daemon] INFO org.parosproxy.paros.extension.ExtensionLoader  - Initializing Simple but effective port scanner
4523 [ZAP-daemon] INFO org.parosproxy.paros.extension.ExtensionLoader  - Initializing Manual Request Editor Extension
4524 [ZAP-daemon] INFO org.parosproxy.paros.extension.ExtensionLoader  - Initializing Compares 2 sessions and generates an HTML file showing the differences
4525 [ZAP-daemon] INFO org.parosproxy.paros.extension.ExtensionLoader  - Initializing Invoke external applications passing context related information such as URLs and parameters
4526 [ZAP-daemon] INFO org.parosproxy.paros.extension.ExtensionLoader  - Initializing Handles anti cross site request forgery (CSRF) tokens
4531 [ZAP-daemon] INFO org.parosproxy.paros.extension.ExtensionLoader  - Initializing Authentication Extension
4550 [ZAP-daemon] INFO org.zaproxy.zap.extension.authentication.ExtensionAuthentication  - Loaded authentication method types: [Form-based Authentication, HTTP/NTLM Authentication, Manual Authentication, Script-based Authentication, JSON-based Authentication]
4553 [ZAP-daemon] INFO org.parosproxy.paros.extension.ExtensionLoader  - Initializing Creates a dynamic SSL certificate to allow SSL communications to be intercepted without warnings being generated by the browser
4554 [ZAP-daemon] INFO org.parosproxy.paros.extension.ExtensionLoader  - Initializing Logs errors to the Output tab in development mode only
4555 [ZAP-daemon] INFO org.parosproxy.paros.extension.ExtensionLoader  - Initializing Users Extension
4559 [ZAP-daemon] INFO org.parosproxy.paros.extension.ExtensionLoader  - Initializing Summarise and analyse FORM and URL parameters as well as cookies
4560 [ZAP-daemon] INFO org.parosproxy.paros.extension.ExtensionLoader  - Initializing Script integration
4584 [ZAP-daemon] INFO org.parosproxy.paros.extension.ExtensionLoader  - Initializing Scripting console, supports all JSR 223 scripting languages
4699 [ZAP-daemon] INFO org.parosproxy.paros.extension.ExtensionLoader  - Initializing Forced User Extension
4701 [ZAP-daemon] INFO org.parosproxy.paros.extension.ExtensionLoader  - Initializing Extension handling HTTP sessions
4704 [ZAP-daemon] INFO org.parosproxy.paros.extension.ExtensionLoader  - Initializing Zest is a specialized scripting language from Mozilla specifically designed to be used in security tools
4983 [ZAP-daemon] INFO org.parosproxy.paros.extension.ExtensionLoader  - Initializing ExtensionDiff
4984 [ZAP-daemon] INFO org.parosproxy.paros.extension.ExtensionLoader  - Initializing HTTP Panel Post Table View Extension
4985 [ZAP-daemon] INFO org.parosproxy.paros.extension.ExtensionLoader  - Initializing Adds support for scriptable encoders to ZAP.
4987 [ZAP-daemon] INFO org.parosproxy.paros.extension.ExtensionLoader  - Initializing Simple browser configuration
4988 [ZAP-daemon] INFO org.parosproxy.paros.extension.ExtensionLoader  - Initializing Session Management Extension
5000 [ZAP-daemon] INFO org.zaproxy.zap.extension.sessions.ExtensionSessionManagement  - Loaded session management method types: [Cookie-based Session Management, HTTP Authentication Session Management, Script-based Session Management]
5001 [ZAP-daemon] INFO org.parosproxy.paros.extension.ExtensionLoader  - Initializing HTTP Panel Form Table View Extension
5003 [ZAP-daemon] INFO org.parosproxy.paros.extension.ExtensionLoader  - Initializing Capture messages from WebSockets with the ability to set breakpoints.
5046 [ZAP-daemon] INFO org.parosproxy.paros.extension.ExtensionLoader  - Initializing Allows you to import a file containing URLs which ZAP will access, adding them to the Sites tree
5048 [ZAP-daemon] INFO org.parosproxy.paros.extension.ExtensionLoader  - Initializing Core UI related functionality.
5049 [ZAP-daemon] INFO org.parosproxy.paros.extension.ExtensionLoader  - Initializing Authorization Extension
5050 [ZAP-daemon] INFO org.parosproxy.paros.extension.ExtensionLoader  - Initializing AJAX Spider, uses Crawljax
5054 [ZAP-daemon] INFO org.parosproxy.paros.extension.ExtensionLoader  - Initializing Provides WebDrivers to control several browsers using Selenium and includes HtmlUnit browser.
5068 [ZAP-daemon] INFO org.parosproxy.paros.extension.ExtensionLoader  - Initializing Manages the local proxy configurations
5070 [ZAP-daemon] INFO org.parosproxy.paros.extension.ExtensionLoader  - Initializing Add-on that adds a set of tools for testing access control in web applications.
5073 [ZAP-daemon] INFO org.parosproxy.paros.extension.ExtensionLoader  - Initializing Handles adding Global Excluded URLs
5074 [ZAP-daemon] INFO org.parosproxy.paros.extension.ExtensionLoader  - Initializing Adds menu item to refresh the Sites tree
5074 [ZAP-daemon] INFO org.parosproxy.paros.extension.ExtensionLoader  - Initializing OWASP ZAP User Guide
5075 [ZAP-daemon] INFO org.parosproxy.paros.extension.ExtensionLoader  - Initializing Provides a URL suitable for calling from target sites
5078 [ZAP-daemon] INFO org.parosproxy.paros.extension.ExtensionLoader  - Initializing Allows you to configure which extensions are loaded when ZAP starts
5078 [ZAP-daemon] INFO org.parosproxy.paros.extension.ExtensionLoader  - Initializing Combined HTTP Panels Extension
5079 [ZAP-daemon] INFO org.parosproxy.paros.extension.ExtensionLoader  - Initializing HTTP Panel Hex View Extension
5079 [ZAP-daemon] INFO org.parosproxy.paros.extension.ExtensionLoader  - Initializing HTTP Panel Image View Extension
5080 [ZAP-daemon] INFO org.parosproxy.paros.extension.ExtensionLoader  - Initializing HTTP Panel Large Request View Extension
5081 [ZAP-daemon] INFO org.parosproxy.paros.extension.ExtensionLoader  - Initializing HTTP Panel Large Response View Extension
5081 [ZAP-daemon] INFO org.parosproxy.paros.extension.ExtensionLoader  - Initializing HTTP Panel Query Table View Extension
5082 [ZAP-daemon] INFO org.parosproxy.paros.extension.ExtensionLoader  - Initializing HTTP Panel Syntax Highlighter View Extension
5082 [ZAP-daemon] INFO org.parosproxy.paros.extension.ExtensionLoader  - Initializing Adds support for configurable keyboard shortcuts for all of the ZAP menus.
5083 [ZAP-daemon] INFO org.parosproxy.paros.extension.ExtensionLoader  - Initializing Active and passive rule configuration
5087 [ZAP-daemon] INFO org.parosproxy.paros.extension.ExtensionLoader  - Initializing Statistics
5090 [ZAP-daemon] INFO org.zaproxy.zap.extension.stats.ExtensionStats  - Start recording in memory stats
5091 [ZAP-daemon] INFO org.parosproxy.paros.extension.ExtensionLoader  - Initializing Provides the foundation for concrete message types (for example, HTTP, WebSockets) expose fuzzer implementations.
5094 [ZAP-daemon] INFO org.parosproxy.paros.extension.ExtensionLoader  - Initializing Allows to fuzz HTTP messages.
5096 [ZAP-daemon] INFO org.parosproxy.paros.extension.ExtensionLoader  - Initializing Easy way to replace strings in requests and responses
5103 [ZAP-daemon] INFO org.parosproxy.paros.extension.ExtensionLoader  - Initializing Adds the Quick Start panel for scanning and exploring applications
5109 [ZAP-daemon] INFO org.parosproxy.paros.extension.ExtensionLoader  - Initializing Add the option to use the Ajax Spider in the Quick Start scan
5111 [ZAP-daemon] INFO org.parosproxy.paros.extension.ExtensionLoader  - Initializing Launch browsers proxying through ZAP
5113 [ZAP-daemon] INFO org.parosproxy.paros.extension.ExtensionLoader  - Initializing Launch browsers proxying through ZAP
5116 [ZAP-daemon] INFO org.parosproxy.paros.extension.ExtensionLoader  - Initializing Allows you to spider and import OpenAPI (Swagger) definitions 
5149 [ZAP-daemon] INFO org.parosproxy.paros.extension.ExtensionLoader  - Initializing Translations of the core language files
5151 [ZAP-daemon] INFO org.parosproxy.paros.extension.ExtensionLoader  - Initializing Active Scan Rules - beta
5152 [ZAP-daemon] INFO org.parosproxy.paros.extension.ExtensionLoader  - Initializing ExtensionSaveXMLHttpMessage
5154 [ZAP-daemon] INFO org.parosproxy.paros.extension.ExtensionLoader  - Initializing Heads Up Display
5236 [ZAP-daemon] INFO org.parosproxy.paros.extension.ExtensionLoader  - Initializing ExtensionHUDlaunch
5247 [ZAP-daemon] INFO org.parosproxy.paros.extension.ExtensionLoader  - Initializing The ZAP Getting Started Guide
5248 [ZAP-daemon] INFO org.parosproxy.paros.extension.ExtensionLoader  - Initializing Context alert rules filter
5252 [ZAP-daemon] INFO org.parosproxy.paros.extension.ExtensionLoader  - Initializing Passive Scan Rules - beta
5254 [ZAP-daemon] INFO org.parosproxy.paros.extension.ExtensionLoader  - Initializing The Online menu links
5254 [ZAP-daemon] INFO org.parosproxy.paros.extension.ExtensionLoader  - Initializing ExtensionSaveRawHttpMessage
5255 [ZAP-daemon] INFO org.parosproxy.paros.extension.ExtensionLoader  - Initializing Active Scan Rules
5257 [ZAP-daemon] INFO org.parosproxy.paros.extension.ExtensionLoader  - Initializing Tips and Tricks
5257 [ZAP-daemon] INFO org.parosproxy.paros.extension.ExtensionLoader  - Initializing Passive Scan Rules
5258 [ZAP-daemon] INFO org.parosproxy.paros.extension.ExtensionLoader  - Initializing This extension allows a user to change the default values used by ZAP Spiders.
5262 [ZAP-daemon] INFO org.parosproxy.paros.extension.ExtensionLoader  - Initializing Allows to fuzz WebSocket messages.
5430 [ZAP-daemon] INFO org.zaproxy.zap.extension.callback.ExtensionCallback  - Started callback server on 0.0.0.0:46165
5431 [ZAP-daemon] INFO org.zaproxy.zap.extension.dynssl.ExtensionDynSSL  - Creating new root CA certificate
6378 [ZAP-daemon] INFO org.zaproxy.zap.extension.dynssl.ExtensionDynSSL  - New root CA certificate created
6382 [ZAP-daemon] INFO org.zaproxy.zap.DaemonBootstrap  - ZAP is now listening on 0.0.0.0:8080
14963 [ZAP-ProxyThread-119] INFO org.parosproxy.paros.core.scanner.Scanner  - scanner started
15123 [Thread-7] INFO org.parosproxy.paros.core.scanner.HostProcess  - Scanning 2 node(s) from https://nodegoat.herokuapp.com
15125 [Thread-7] INFO org.parosproxy.paros.core.scanner.HostProcess  - start host https://nodegoat.herokuapp.com | TestSQLInjection strength HIGH threshold LOW
15140 [Thread-7] INFO org.parosproxy.paros.core.scanner.HostProcess  - completed host/plugin https://nodegoat.herokuapp.com | TestSQLInjection in 0.016s with 0 message(s) sent and 0 alert(s) raised.
15140 [Thread-7] INFO org.parosproxy.paros.core.scanner.HostProcess  - completed host https://nodegoat.herokuapp.com in 0.157s with 0 alert(s) raised.
15141 [Thread-6] INFO org.parosproxy.paros.core.scanner.Scanner  - scanner completed in 0.175s
29334 [ZAP-ProxyThread-241] INFO org.parosproxy.paros.core.scanner.Scanner  - scanner started
29461 [Thread-13] INFO org.parosproxy.paros.core.scanner.HostProcess  - Scanning 2 node(s) from https://nodegoat.herokuapp.com
29462 [Thread-13] INFO org.parosproxy.paros.core.scanner.HostProcess  - start host https://nodegoat.herokuapp.com | TestCrossSiteScriptV2 strength HIGH threshold LOW
29473 [Thread-13] INFO org.parosproxy.paros.core.scanner.HostProcess  - completed host/plugin https://nodegoat.herokuapp.com | TestCrossSiteScriptV2 in 0.012s with 0 message(s) sent and 0 alert(s) raised.
29474 [Thread-13] INFO org.parosproxy.paros.core.scanner.HostProcess  - start host https://nodegoat.herokuapp.com | TestPersistentXSSPrime strength HIGH threshold LOW
29478 [Thread-13] INFO org.parosproxy.paros.core.scanner.HostProcess  - completed host/plugin https://nodegoat.herokuapp.com | TestPersistentXSSPrime in 0.004s with 0 message(s) sent and 0 alert(s) raised.
29478 [Thread-13] INFO org.parosproxy.paros.core.scanner.HostProcess  - start host https://nodegoat.herokuapp.com | TestPersistentXSSSpider strength HIGH threshold LOW
29623 [Thread-13] INFO org.parosproxy.paros.core.scanner.HostProcess  - completed host/plugin https://nodegoat.herokuapp.com | TestPersistentXSSSpider in 0.145s with 2 message(s) sent and 0 alert(s) raised.
29625 [Thread-13] INFO org.parosproxy.paros.core.scanner.HostProcess  - start host https://nodegoat.herokuapp.com | TestPersistentXSSAttack strength HIGH threshold LOW
29630 [Thread-13] INFO org.parosproxy.paros.core.scanner.HostProcess  - completed host/plugin https://nodegoat.herokuapp.com | TestPersistentXSSAttack in 0.005s with 0 message(s) sent and 0 alert(s) raised.
29631 [Thread-13] INFO org.parosproxy.paros.core.scanner.HostProcess  - completed host https://nodegoat.herokuapp.com in 0.29s with 0 alert(s) raised.
29632 [Thread-12] INFO org.parosproxy.paros.core.scanner.Scanner  - scanner completed in 0.297s
40117 [ZAP-ProxyThread-249] INFO org.parosproxy.paros.control.Control  - Discard Session
40149 [ZAP-ProxyThread-249] INFO org.parosproxy.paros.control.Control  - New Session
40150 [ZAP-ProxyThread-249] INFO org.parosproxy.paros.control.Control  - Create and Open Untitled Db
40168 [ZAP-ProxyThread-249] INFO hsqldb.db.HSQLDB379AF3DEBD.ENGINE  - dataFileCache commit start
40177 [ZAP-ProxyThread-249] INFO hsqldb.db.HSQLDB379AF3DEBD.ENGINE  - dataFileCache commit end
40182 [ZAP-ProxyThread-249] INFO hsqldb.db.HSQLDB379AF3DEBD.ENGINE  - Database closed
40361 [ZAP-ProxyThread-249] INFO hsqldb.db.HSQLDB379AF3DEBD.ENGINE  - dataFileCache open start
40364 [ZAP-ProxyThread-249] INFO hsqldb.db.HSQLDB379AF3DEBD.ENGINE  - dataFileCache open end
49919 [ZAP-ProxyThread-367] INFO org.parosproxy.paros.core.scanner.Scanner  - scanner started
50039 [Thread-26] INFO org.parosproxy.paros.core.scanner.HostProcess  - Scanning 2 node(s) from https://nodegoat.herokuapp.com
50041 [Thread-26] INFO org.parosproxy.paros.core.scanner.HostProcess  - start host https://nodegoat.herokuapp.com | TestSQLInjection strength HIGH threshold LOW
50045 [Thread-26] INFO org.parosproxy.paros.core.scanner.HostProcess  - completed host/plugin https://nodegoat.herokuapp.com | TestSQLInjection in 0.004s with 0 message(s) sent and 0 alert(s) raised.
50045 [Thread-26] INFO org.parosproxy.paros.core.scanner.HostProcess  - completed host https://nodegoat.herokuapp.com in 0.109s with 0 alert(s) raised.
50046 [Thread-25] INFO org.parosproxy.paros.core.scanner.Scanner  - scanner completed in 0.125s
63777 [ZAP-ProxyThread-490] INFO org.parosproxy.paros.core.scanner.Scanner  - scanner started
63919 [Thread-32] INFO org.parosproxy.paros.core.scanner.HostProcess  - Scanning 2 node(s) from https://nodegoat.herokuapp.com
63922 [Thread-32] INFO org.parosproxy.paros.core.scanner.HostProcess  - start host https://nodegoat.herokuapp.com | TestCrossSiteScriptV2 strength HIGH threshold LOW
63929 [Thread-32] INFO org.parosproxy.paros.core.scanner.HostProcess  - completed host/plugin https://nodegoat.herokuapp.com | TestCrossSiteScriptV2 in 0.007s with 0 message(s) sent and 0 alert(s) raised.
63930 [Thread-32] INFO org.parosproxy.paros.core.scanner.HostProcess  - start host https://nodegoat.herokuapp.com | TestPersistentXSSPrime strength HIGH threshold LOW
63934 [Thread-32] INFO org.parosproxy.paros.core.scanner.HostProcess  - completed host/plugin https://nodegoat.herokuapp.com | TestPersistentXSSPrime in 0.004s with 0 message(s) sent and 0 alert(s) raised.
63935 [Thread-32] INFO org.parosproxy.paros.core.scanner.HostProcess  - start host https://nodegoat.herokuapp.com | TestPersistentXSSSpider strength HIGH threshold LOW
64072 [Thread-32] INFO org.parosproxy.paros.core.scanner.HostProcess  - completed host/plugin https://nodegoat.herokuapp.com | TestPersistentXSSSpider in 0.137s with 2 message(s) sent and 0 alert(s) raised.
64074 [Thread-32] INFO org.parosproxy.paros.core.scanner.HostProcess  - start host https://nodegoat.herokuapp.com | TestPersistentXSSAttack strength HIGH threshold LOW
64080 [Thread-32] INFO org.parosproxy.paros.core.scanner.HostProcess  - completed host/plugin https://nodegoat.herokuapp.com | TestPersistentXSSAttack in 0.007s with 0 message(s) sent and 0 alert(s) raised.
64081 [Thread-32] INFO org.parosproxy.paros.core.scanner.HostProcess  - completed host https://nodegoat.herokuapp.com in 0.296s with 0 alert(s) raised.
64082 [Thread-31] INFO org.parosproxy.paros.core.scanner.Scanner  - scanner completed in 0.304s
</msg>
<status status="PASS" starttime="20200625 16:33:31.960" endtime="20200625 16:33:31.961"></status>
</kw>
<status status="PASS" starttime="20200625 16:33:31.940" endtime="20200625 16:33:31.961"></status>
</kw>
<status status="PASS" starttime="20200625 16:33:31.940" endtime="20200625 16:33:31.961"></status>
</kw>
<kw name="Run Keyword And Ignore Error" library="BuiltIn">
<doc>Runs the given keyword with the given arguments and ignores possible error.</doc>
<arguments>
<arg>Clean Up Proxy Log And Terminate Processes</arg>
</arguments>
<kw name="Clean Up Proxy Log And Terminate Processes" library="Security-And-Penetration-Test-Resources">
<kw name="Remove File" library="OperatingSystem">
<doc>Removes a file with the given path.</doc>
<arguments>
<arg>${PATH}//Tests//Workshop-Part-Two//Resources//owasp-zap-proxy-log.txt</arg>
</arguments>
<msg timestamp="20200625 16:33:31.963" level="INFO" html="yes">Removed file '&lt;a href="file:///rfw/Tests/Workshop-Part-Two/Resources/owasp-zap-proxy-log.txt"&gt;/rfw/Tests/Workshop-Part-Two/Resources/owasp-zap-proxy-log.txt&lt;/a&gt;'.</msg>
<status status="PASS" starttime="20200625 16:33:31.961" endtime="20200625 16:33:31.963"></status>
</kw>
<kw name="Run Keyword And Ignore Error" library="BuiltIn">
<doc>Runs the given keyword with the given arguments and ignores possible error.</doc>
<arguments>
<arg>Terminate All Processes</arg>
</arguments>
<kw name="Terminate All Processes" library="Process">
<doc>Terminates all still running processes started by this library.</doc>
<status status="PASS" starttime="20200625 16:33:31.963" endtime="20200625 16:33:31.964"></status>
</kw>
<status status="PASS" starttime="20200625 16:33:31.963" endtime="20200625 16:33:31.964"></status>
</kw>
<status status="PASS" starttime="20200625 16:33:31.961" endtime="20200625 16:33:31.965"></status>
</kw>
<status status="PASS" starttime="20200625 16:33:31.961" endtime="20200625 16:33:31.965"></status>
</kw>
<status status="PASS" starttime="20200625 16:33:30.494" endtime="20200625 16:33:31.965"></status>
</kw>
<doc>Automation tools that will check security of target application by scanning for possible vulnerabilities.</doc>
<status status="PASS" starttime="20200625 16:32:25.486" endtime="20200625 16:33:31.965"></status>
</suite>
<statistics>
<total>
<stat pass="3" fail="0">Critical Tests</stat>
<stat pass="3" fail="0">All Tests</stat>
</total>
<tag>
<stat pass="2" fail="0">Cross-Site_Scripting_Vulverability_Test</stat>
<stat pass="2" fail="0">Injection_Vulverability_Test</stat>
<stat pass="2" fail="0">Number_1_Risk_On_OWASP_Top_10</stat>
<stat pass="2" fail="0">Number_7_Risk_On_OWASP_Top_10</stat>
<stat pass="3" fail="0">OWASP_Zap_Security_And_Penetration_Tests</stat>
</tag>
<suite>
<stat pass="3" fail="0" id="s1" name="OWASP Security And Penetration Tests">OWASP Security And Penetration Tests</stat>
</suite>
</statistics>
<errors>
</errors>
</robot>
